{"t":{"$date":"2025-06-03T12:36:42.693+05:30"},"s":"I",  "c":"CONTROL",  "id":23285,   "ctx":"thread1","msg":"Automatically disabling TLS 1.0, to force-enable TLS 1.0 specify --sslDisabledProtocols 'none'"}
{"t":{"$date":"2025-06-03T12:36:42.694+05:30"},"s":"I",  "c":"CONTROL",  "id":5945603, "ctx":"thread1","msg":"Multi threading initialized"}
{"t":{"$date":"2025-06-03T12:36:42.694+05:30"},"s":"I",  "c":"NETWORK",  "id":4648601, "ctx":"thread1","msg":"Implicit TCP FastOpen unavailable. If TCP FastOpen is required, set at least one of the related parameters","attr":{"relatedParameters":["tcpFastOpenServer","tcpFastOpenClient","tcpFastOpenQueueSize"]}}
{"t":{"$date":"2025-06-03T12:36:42.695+05:30"},"s":"I",  "c":"NETWORK",  "id":4915701, "ctx":"thread1","msg":"Initialized wire specification","attr":{"spec":{"incomingExternalClient":{"minWireVersion":0,"maxWireVersion":25},"incomingInternalClient":{"minWireVersion":0,"maxWireVersion":25},"outgoing":{"minWireVersion":6,"maxWireVersion":25},"isInternalClient":true}}}
{"t":{"$date":"2025-06-03T12:36:42.708+05:30"},"s":"I",  "c":"TENANT_M", "id":7091600, "ctx":"thread1","msg":"Starting TenantMigrationAccessBlockerRegistry"}
{"t":{"$date":"2025-06-03T12:36:42.708+05:30"},"s":"I",  "c":"CONTROL",  "id":4615611, "ctx":"initandlisten","msg":"MongoDB starting","attr":{"pid":8264,"port":27017,"dbPath":"D:/FST Project/data/db","architecture":"64-bit","host":"Sundaresan"}}
{"t":{"$date":"2025-06-03T12:36:42.708+05:30"},"s":"I",  "c":"CONTROL",  "id":23398,   "ctx":"initandlisten","msg":"Target operating system minimum version","attr":{"targetMinOS":"Windows 7/Windows Server 2008 R2"}}
{"t":{"$date":"2025-06-03T12:36:42.708+05:30"},"s":"I",  "c":"CONTROL",  "id":23403,   "ctx":"initandlisten","msg":"Build Info","attr":{"buildInfo":{"version":"8.0.6","gitVersion":"80f21521ad4a3dfd5613f5d649d7058c6d46277f","modules":[],"allocator":"tcmalloc-gperf","environment":{"distmod":"windows","distarch":"x86_64","target_arch":"x86_64"}}}}
{"t":{"$date":"2025-06-03T12:36:42.708+05:30"},"s":"I",  "c":"CONTROL",  "id":51765,   "ctx":"initandlisten","msg":"Operating System","attr":{"os":{"name":"Microsoft Windows 10","version":"10.0 (build 26100)"}}}
{"t":{"$date":"2025-06-03T12:36:42.708+05:30"},"s":"I",  "c":"CONTROL",  "id":21951,   "ctx":"initandlisten","msg":"Options set by command line","attr":{"options":{"config":"D:\\FST Project\\back-end\\mongod.conf","net":{"bindIp":"127.0.0.1","port":27017},"storage":{"dbPath":"D:/FST Project/data/db"},"systemLog":{"destination":"file","logAppend":true,"path":"D:/FST Project/data/log/mongod.log"}}}}
{"t":{"$date":"2025-06-03T12:36:42.711+05:30"},"s":"I",  "c":"STORAGE",  "id":22315,   "ctx":"initandlisten","msg":"Opening WiredTiger","attr":{"config":"create,cache_size=7500M,session_max=33000,eviction=(threads_min=4,threads_max=4),config_base=false,statistics=(fast),log=(enabled=true,remove=true,path=journal,compressor=snappy),builtin_extension_config=(zstd=(compression_level=6)),file_manager=(close_idle_time=600,close_scan_interval=10,close_handle_minimum=2000),statistics_log=(wait=0),json_output=(error,message),verbose=[recovery_progress:1,checkpoint_progress:1,compact_progress:1,backup:0,checkpoint:0,compact:0,evict:0,history_store:0,recovery:0,rts:0,salvage:0,tiered:0,timestamp:0,transaction:0,verify:0,log:0],prefetch=(available=true,default=false),"}}
{"t":{"$date":"2025-06-03T12:36:42.820+05:30"},"s":"I",  "c":"WTRECOV",  "id":22430,   "ctx":"initandlisten","msg":"WiredTiger message","attr":{"message":{"ts_sec":1748934402,"ts_usec":819752,"thread":"8264:140727424550432","session_name":"txn-recover","category":"WT_VERB_RECOVERY_PROGRESS","category_id":34,"verbose_level":"DEBUG_1","verbose_level_id":1,"msg":"recovery log replay has successfully finished and ran for 1 milliseconds"}}}
{"t":{"$date":"2025-06-03T12:36:42.820+05:30"},"s":"I",  "c":"WTRECOV",  "id":22430,   "ctx":"initandlisten","msg":"WiredTiger message","attr":{"message":{"ts_sec":1748934402,"ts_usec":819752,"thread":"8264:140727424550432","session_name":"txn-recover","category":"WT_VERB_RECOVERY_PROGRESS","category_id":34,"verbose_level":"DEBUG_1","verbose_level_id":1,"msg":"Set global recovery timestamp: (0, 0)"}}}
{"t":{"$date":"2025-06-03T12:36:42.820+05:30"},"s":"I",  "c":"WTRECOV",  "id":22430,   "ctx":"initandlisten","msg":"WiredTiger message","attr":{"message":{"ts_sec":1748934402,"ts_usec":819752,"thread":"8264:140727424550432","session_name":"txn-recover","category":"WT_VERB_RECOVERY_PROGRESS","category_id":34,"verbose_level":"DEBUG_1","verbose_level_id":1,"msg":"Set global oldest timestamp: (0, 0)"}}}
{"t":{"$date":"2025-06-03T12:36:42.820+05:30"},"s":"I",  "c":"WTRECOV",  "id":22430,   "ctx":"initandlisten","msg":"WiredTiger message","attr":{"message":{"ts_sec":1748934402,"ts_usec":819752,"thread":"8264:140727424550432","session_name":"txn-recover","category":"WT_VERB_RECOVERY_PROGRESS","category_id":34,"verbose_level":"DEBUG_1","verbose_level_id":1,"msg":"recovery was completed successfully and took 1ms, including 1ms for the log replay, 0ms for the rollback to stable, and 0ms for the checkpoint."}}}
{"t":{"$date":"2025-06-03T12:36:42.839+05:30"},"s":"I",  "c":"STORAGE",  "id":4795906, "ctx":"initandlisten","msg":"WiredTiger opened","attr":{"durationMillis":128}}
{"t":{"$date":"2025-06-03T12:36:42.839+05:30"},"s":"I",  "c":"RECOVERY", "id":23987,   "ctx":"initandlisten","msg":"WiredTiger recoveryTimestamp","attr":{"recoveryTimestamp":{"$timestamp":{"t":0,"i":0}}}}
{"t":{"$date":"2025-06-03T12:36:42.865+05:30"},"s":"I",  "c":"STORAGE",  "id":9529901, "ctx":"initandlisten","msg":"Initializing durable catalog","attr":{"numRecords":0}}
{"t":{"$date":"2025-06-03T12:36:42.865+05:30"},"s":"I",  "c":"STORAGE",  "id":9529902, "ctx":"initandlisten","msg":"Retrieving all idents from storage engine"}
{"t":{"$date":"2025-06-03T12:36:42.866+05:30"},"s":"I",  "c":"STORAGE",  "id":9529903, "ctx":"initandlisten","msg":"Initializing all collections in durable catalog","attr":{"numEntries":0}}
{"t":{"$date":"2025-06-03T12:36:42.894+05:30"},"s":"W",  "c":"CONTROL",  "id":22120,   "ctx":"initandlisten","msg":"Access control is not enabled for the database. Read and write access to data and configuration is unrestricted","tags":["startupWarnings"]}
{"t":{"$date":"2025-06-03T12:36:42.895+05:30"},"s":"I",  "c":"STORAGE",  "id":20320,   "ctx":"initandlisten","msg":"createCollection","attr":{"namespace":"admin.system.version","uuidDisposition":"provided","uuid":{"uuid":{"$uuid":"d47a38d4-a46d-4d44-91c1-baa5203364f9"}},"options":{"uuid":{"$uuid":"d47a38d4-a46d-4d44-91c1-baa5203364f9"}}}}
{"t":{"$date":"2025-06-03T12:36:42.918+05:30"},"s":"I",  "c":"INDEX",    "id":20345,   "ctx":"initandlisten","msg":"Index build: done building","attr":{"buildUUID":null,"collectionUUID":{"uuid":{"$uuid":"d47a38d4-a46d-4d44-91c1-baa5203364f9"}},"namespace":"admin.system.version","index":"_id_","ident":"index-1-15345468389422045151","collectionIdent":"collection-0-15345468389422045151","commitTimestamp":null}}
{"t":{"$date":"2025-06-03T12:36:42.918+05:30"},"s":"I",  "c":"REPL",     "id":20459,   "ctx":"initandlisten","msg":"Setting featureCompatibilityVersion","attr":{"newVersion":"8.0"}}
{"t":{"$date":"2025-06-03T12:36:42.918+05:30"},"s":"I",  "c":"REPL",     "id":5853300, "ctx":"initandlisten","msg":"current featureCompatibilityVersion value","attr":{"featureCompatibilityVersion":"8.0","context":"setFCV"}}
{"t":{"$date":"2025-06-03T12:36:42.918+05:30"},"s":"I",  "c":"NETWORK",  "id":4915702, "ctx":"initandlisten","msg":"Updated wire specification","attr":{"oldSpec":{"incomingExternalClient":{"minWireVersion":0,"maxWireVersion":25},"incomingInternalClient":{"minWireVersion":0,"maxWireVersion":25},"outgoing":{"minWireVersion":6,"maxWireVersion":25},"isInternalClient":true},"newSpec":{"incomingExternalClient":{"minWireVersion":0,"maxWireVersion":25},"incomingInternalClient":{"minWireVersion":25,"maxWireVersion":25},"outgoing":{"minWireVersion":25,"maxWireVersion":25},"isInternalClient":true}}}
{"t":{"$date":"2025-06-03T12:36:42.920+05:30"},"s":"I",  "c":"NETWORK",  "id":4915702, "ctx":"initandlisten","msg":"Updated wire specification","attr":{"oldSpec":{"incomingExternalClient":{"minWireVersion":0,"maxWireVersion":25},"incomingInternalClient":{"minWireVersion":25,"maxWireVersion":25},"outgoing":{"minWireVersion":25,"maxWireVersion":25},"isInternalClient":true},"newSpec":{"incomingExternalClient":{"minWireVersion":0,"maxWireVersion":25},"incomingInternalClient":{"minWireVersion":25,"maxWireVersion":25},"outgoing":{"minWireVersion":25,"maxWireVersion":25},"isInternalClient":true}}}
{"t":{"$date":"2025-06-03T12:36:42.920+05:30"},"s":"I",  "c":"REPL",     "id":5853300, "ctx":"initandlisten","msg":"current featureCompatibilityVersion value","attr":{"featureCompatibilityVersion":"8.0","context":"startup"}}
{"t":{"$date":"2025-06-03T12:36:42.920+05:30"},"s":"I",  "c":"STORAGE",  "id":5071100, "ctx":"initandlisten","msg":"Clearing temp directory"}
{"t":{"$date":"2025-06-03T12:36:42.920+05:30"},"s":"I",  "c":"CONTROL",  "id":6608200, "ctx":"initandlisten","msg":"Initializing cluster server parameters from disk"}
{"t":{"$date":"2025-06-03T12:36:42.921+05:30"},"s":"I",  "c":"CONTROL",  "id":20536,   "ctx":"initandlisten","msg":"Flow Control is enabled on this deployment"}
{"t":{"$date":"2025-06-03T12:36:43.250+05:30"},"s":"I",  "c":"FTDC",     "id":20625,   "ctx":"initandlisten","msg":"Initializing full-time diagnostic data capture","attr":{"dataDirectory":"D:/FST Project/data/db/diagnostic.data"}}
{"t":{"$date":"2025-06-03T12:36:43.251+05:30"},"s":"I",  "c":"STORAGE",  "id":20320,   "ctx":"initandlisten","msg":"createCollection","attr":{"namespace":"local.startup_log","uuidDisposition":"generated","uuid":{"uuid":{"$uuid":"49940ca5-9280-4056-9acc-0d2103ab620d"}},"options":{"capped":true,"size":10485760}}}
{"t":{"$date":"2025-06-03T12:36:43.272+05:30"},"s":"I",  "c":"INDEX",    "id":20345,   "ctx":"initandlisten","msg":"Index build: done building","attr":{"buildUUID":null,"collectionUUID":{"uuid":{"$uuid":"49940ca5-9280-4056-9acc-0d2103ab620d"}},"namespace":"local.startup_log","index":"_id_","ident":"index-3-15345468389422045151","collectionIdent":"collection-2-15345468389422045151","commitTimestamp":null}}
{"t":{"$date":"2025-06-03T12:36:43.272+05:30"},"s":"I",  "c":"REPL",     "id":6015317, "ctx":"initandlisten","msg":"Setting new configuration state","attr":{"newState":"ConfigReplicationDisabled","oldState":"ConfigPreStart"}}
{"t":{"$date":"2025-06-03T12:36:43.272+05:30"},"s":"I",  "c":"STORAGE",  "id":22262,   "ctx":"initandlisten","msg":"Timestamp monitor starting"}
{"t":{"$date":"2025-06-03T12:36:43.273+05:30"},"s":"I",  "c":"STORAGE",  "id":7333401, "ctx":"initandlisten","msg":"Starting the DiskSpaceMonitor"}
{"t":{"$date":"2025-06-03T12:36:43.276+05:30"},"s":"I",  "c":"NETWORK",  "id":23015,   "ctx":"listener","msg":"Listening on","attr":{"address":"127.0.0.1:27017"}}
{"t":{"$date":"2025-06-03T12:36:43.276+05:30"},"s":"I",  "c":"NETWORK",  "id":23016,   "ctx":"listener","msg":"Waiting for connections","attr":{"port":27017,"ssl":"off"}}
{"t":{"$date":"2025-06-03T12:36:43.276+05:30"},"s":"I",  "c":"CONTROL",  "id":8423403, "ctx":"initandlisten","msg":"mongod startup complete","attr":{"Summary of time elapsed":{"Startup from clean shutdown?":true,"Statistics":{"Set up periodic runner":"0 ms","Set up online certificate status protocol manager":"0 ms","Transport layer setup":"0 ms","Run initial syncer crash recovery":"0 ms","Create storage engine lock file in the data directory":"0 ms","Get metadata describing storage engine":"0 ms","Create storage engine":"155 ms","Write current PID to file":"0 ms","Write a new metadata for storage engine":"27 ms","Initialize FCV before rebuilding indexes":"2 ms","Drop abandoned idents and get back indexes that need to be rebuilt or builds that need to be restarted":"0 ms","Rebuild indexes for collections":"0 ms","Load cluster parameters from disk for a standalone":"0 ms","Build user and roles graph":"0 ms","Set up the background thread pool responsible for waiting for opTimes to be majority committed":"0 ms","Start up the replication coordinator":"0 ms","Ensure the change stream collections on startup contain consistent data":"0 ms","Write startup options to the audit log":"0 ms","Start transport layer":"0 ms","_initAndListen total elapsed time":"568 ms"}}}}
{"t":{"$date":"2025-06-03T12:36:43.279+05:30"},"s":"I",  "c":"CONTROL",  "id":20712,   "ctx":"LogicalSessionCacheReap","msg":"Sessions collection is not set up; waiting until next sessions reap interval","attr":{"error":"NamespaceNotFound: config.system.sessions does not exist"}}
{"t":{"$date":"2025-06-03T12:36:43.279+05:30"},"s":"I",  "c":"STORAGE",  "id":20320,   "ctx":"LogicalSessionCacheRefresh","msg":"createCollection","attr":{"namespace":"config.system.sessions","uuidDisposition":"generated","uuid":{"uuid":{"$uuid":"b8c6d747-2b50-40ab-b3f8-bda3206ace88"}},"options":{}}}
{"t":{"$date":"2025-06-03T12:36:43.324+05:30"},"s":"I",  "c":"INDEX",    "id":20345,   "ctx":"LogicalSessionCacheRefresh","msg":"Index build: done building","attr":{"buildUUID":null,"collectionUUID":{"uuid":{"$uuid":"b8c6d747-2b50-40ab-b3f8-bda3206ace88"}},"namespace":"config.system.sessions","index":"_id_","ident":"index-5-15345468389422045151","collectionIdent":"collection-4-15345468389422045151","commitTimestamp":null}}
{"t":{"$date":"2025-06-03T12:36:43.324+05:30"},"s":"I",  "c":"INDEX",    "id":20345,   "ctx":"LogicalSessionCacheRefresh","msg":"Index build: done building","attr":{"buildUUID":null,"collectionUUID":{"uuid":{"$uuid":"b8c6d747-2b50-40ab-b3f8-bda3206ace88"}},"namespace":"config.system.sessions","index":"lsidTTLIndex","ident":"index-6-15345468389422045151","collectionIdent":"collection-4-15345468389422045151","commitTimestamp":null}}
{"t":{"$date":"2025-06-03T12:36:44.015+05:30"},"s":"W",  "c":"CONTROL",  "id":636300,  "ctx":"ftdc","msg":"Use of deprecated server parameter name","attr":{"deprecatedName":"internalQueryCacheSize","canonicalName":"internalQueryCacheMaxEntriesPerCollection"}}
{"t":{"$date":"2025-06-03T12:36:44.015+05:30"},"s":"W",  "c":"CONTROL",  "id":636300,  "ctx":"ftdc","msg":"Use of deprecated server parameter name","attr":{"deprecatedName":"oplogSamplingLogIntervalSeconds","canonicalName":"collectionSamplingLogIntervalSeconds"}}
{"t":{"$date":"2025-06-03T12:36:44.015+05:30"},"s":"W",  "c":"NETWORK",  "id":23803,   "ctx":"ftdc","msg":"Use of deprecated server parameter 'sslMode', please use 'tlsMode' instead."}
{"t":{"$date":"2025-06-03T12:36:44.015+05:30"},"s":"W",  "c":"CONTROL",  "id":636300,  "ctx":"ftdc","msg":"Use of deprecated server parameter name","attr":{"deprecatedName":"wiredTigerConcurrentReadTransactions","canonicalName":"storageEngineConcurrentReadTransactions"}}
{"t":{"$date":"2025-06-03T12:36:44.015+05:30"},"s":"W",  "c":"CONTROL",  "id":636300,  "ctx":"ftdc","msg":"Use of deprecated server parameter name","attr":{"deprecatedName":"wiredTigerConcurrentWriteTransactions","canonicalName":"storageEngineConcurrentWriteTransactions"}}
{"t":{"$date":"2025-06-03T12:36:45.397+05:30"},"s":"I",  "c":"NETWORK",  "id":22943,   "ctx":"listener","msg":"Connection accepted","attr":{"remote":"127.0.0.1:57105","uuid":{"uuid":{"$uuid":"f4bf77cb-efd7-46d0-a499-0d4bbef6809f"}},"connectionId":1,"connectionCount":1}}
{"t":{"$date":"2025-06-03T12:36:45.403+05:30"},"s":"I",  "c":"NETWORK",  "id":51800,   "ctx":"conn1","msg":"client metadata","attr":{"remote":"127.0.0.1:57105","client":"conn1","negotiatedCompressors":[],"doc":{"driver":{"name":"nodejs|Mongoose","version":"6.16.0|8.15.0"},"platform":"Node.js v22.13.0, LE","os":{"name":"win32","architecture":"x64","version":"10.0.26100","type":"Windows_NT"}}}}
{"t":{"$date":"2025-06-03T12:36:45.418+05:30"},"s":"I",  "c":"NETWORK",  "id":22943,   "ctx":"listener","msg":"Connection accepted","attr":{"remote":"127.0.0.1:57108","uuid":{"uuid":{"$uuid":"62cffbce-e90d-4481-acc6-a6140d826dfa"}},"connectionId":2,"connectionCount":2}}
{"t":{"$date":"2025-06-03T12:36:45.418+05:30"},"s":"I",  "c":"NETWORK",  "id":22943,   "ctx":"listener","msg":"Connection accepted","attr":{"remote":"127.0.0.1:57109","uuid":{"uuid":{"$uuid":"fb03bd0c-6e4d-404a-82a1-73b29d68a0e7"}},"connectionId":3,"connectionCount":3}}
{"t":{"$date":"2025-06-03T12:36:45.420+05:30"},"s":"I",  "c":"NETWORK",  "id":51800,   "ctx":"conn2","msg":"client metadata","attr":{"remote":"127.0.0.1:57108","client":"conn2","negotiatedCompressors":[],"doc":{"driver":{"name":"nodejs|Mongoose","version":"6.16.0|8.15.0"},"platform":"Node.js v22.13.0, LE","os":{"name":"win32","architecture":"x64","version":"10.0.26100","type":"Windows_NT"}}}}
{"t":{"$date":"2025-06-03T12:36:45.422+05:30"},"s":"I",  "c":"NETWORK",  "id":51800,   "ctx":"conn3","msg":"client metadata","attr":{"remote":"127.0.0.1:57109","client":"conn3","negotiatedCompressors":[],"doc":{"driver":{"name":"nodejs|Mongoose","version":"6.16.0|8.15.0"},"platform":"Node.js v22.13.0, LE","os":{"name":"win32","architecture":"x64","version":"10.0.26100","type":"Windows_NT"}}}}
{"t":{"$date":"2025-06-03T12:36:45.425+05:30"},"s":"I",  "c":"NETWORK",  "id":6788700, "ctx":"conn2","msg":"Received first command on ingress connection since session start or auth handshake","attr":{"elapsedMillis":4}}
{"t":{"$date":"2025-06-03T12:36:45.425+05:30"},"s":"I",  "c":"STORAGE",  "id":20320,   "ctx":"conn2","msg":"createCollection","attr":{"namespace":"taskmanager.tasks","uuidDisposition":"generated","uuid":{"uuid":{"$uuid":"649c39a4-eece-402e-af4b-9dd60bbd5a96"}},"options":{}}}
{"t":{"$date":"2025-06-03T12:36:45.427+05:30"},"s":"I",  "c":"NETWORK",  "id":6788700, "ctx":"conn3","msg":"Received first command on ingress connection since session start or auth handshake","attr":{"elapsedMillis":5}}
{"t":{"$date":"2025-06-03T12:36:45.427+05:30"},"s":"I",  "c":"STORAGE",  "id":20320,   "ctx":"conn3","msg":"createCollection","attr":{"namespace":"taskmanager.users","uuidDisposition":"generated","uuid":{"uuid":{"$uuid":"33bae474-b86c-4d4e-8cbd-0c7d24a663c2"}},"options":{}}}
{"t":{"$date":"2025-06-03T12:36:45.462+05:30"},"s":"I",  "c":"INDEX",    "id":20345,   "ctx":"conn2","msg":"Index build: done building","attr":{"buildUUID":null,"collectionUUID":{"uuid":{"$uuid":"649c39a4-eece-402e-af4b-9dd60bbd5a96"}},"namespace":"taskmanager.tasks","index":"_id_","ident":"index-9-15345468389422045151","collectionIdent":"collection-7-15345468389422045151","commitTimestamp":null}}
{"t":{"$date":"2025-06-03T12:36:45.472+05:30"},"s":"I",  "c":"INDEX",    "id":20345,   "ctx":"conn3","msg":"Index build: done building","attr":{"buildUUID":null,"collectionUUID":{"uuid":{"$uuid":"33bae474-b86c-4d4e-8cbd-0c7d24a663c2"}},"namespace":"taskmanager.users","index":"_id_","ident":"index-10-15345468389422045151","collectionIdent":"collection-8-15345468389422045151","commitTimestamp":null}}
{"t":{"$date":"2025-06-03T12:36:45.478+05:30"},"s":"I",  "c":"INDEX",    "id":20438,   "ctx":"conn3","msg":"Index build: registering","attr":{"buildUUID":{"uuid":{"$uuid":"cb601c76-8de9-483e-ad72-0406a6f610a0"}},"namespace":"taskmanager.users","collectionUUID":{"uuid":{"$uuid":"33bae474-b86c-4d4e-8cbd-0c7d24a663c2"}},"indexes":1,"firstIndex":{"name":"email_1"},"command":{"createIndexes":"users","v":2,"indexes":[{"unique":true,"background":true,"name":"email_1","key":{"email":1}}],"ignoreUnknownIndexOptions":false}}}
{"t":{"$date":"2025-06-03T12:36:45.487+05:30"},"s":"I",  "c":"INDEX",    "id":20345,   "ctx":"conn3","msg":"Index build: done building","attr":{"buildUUID":null,"collectionUUID":{"uuid":{"$uuid":"33bae474-b86c-4d4e-8cbd-0c7d24a663c2"}},"namespace":"taskmanager.users","index":"email_1","ident":"index-11-15345468389422045151","collectionIdent":"collection-8-15345468389422045151","commitTimestamp":null}}
{"t":{"$date":"2025-06-03T12:36:45.488+05:30"},"s":"I",  "c":"INDEX",    "id":20440,   "ctx":"conn3","msg":"Index build: waiting for index build to complete","attr":{"buildUUID":{"uuid":{"$uuid":"cb601c76-8de9-483e-ad72-0406a6f610a0"}},"deadline":{"$date":{"$numberLong":"9223372036854775807"}}}}
{"t":{"$date":"2025-06-03T12:36:45.488+05:30"},"s":"I",  "c":"INDEX",    "id":20447,   "ctx":"conn3","msg":"Index build: completed","attr":{"buildUUID":{"uuid":{"$uuid":"cb601c76-8de9-483e-ad72-0406a6f610a0"}}}}
{"t":{"$date":"2025-06-03T12:36:55.926+05:30"},"s":"I",  "c":"NETWORK",  "id":22943,   "ctx":"listener","msg":"Connection accepted","attr":{"remote":"127.0.0.1:57121","uuid":{"uuid":{"$uuid":"cd9dcddc-ed8a-4d07-ac14-72b52dc8ab5d"}},"connectionId":4,"connectionCount":4}}
{"t":{"$date":"2025-06-03T12:36:55.929+05:30"},"s":"I",  "c":"NETWORK",  "id":51800,   "ctx":"conn4","msg":"client metadata","attr":{"remote":"127.0.0.1:57121","client":"conn4","negotiatedCompressors":[],"doc":{"driver":{"name":"nodejs|Mongoose","version":"6.16.0|8.15.0"},"platform":"Node.js v22.13.0, LE","os":{"name":"win32","architecture":"x64","version":"10.0.26100","type":"Windows_NT"}}}}
{"t":{"$date":"2025-06-03T12:37:42.899+05:30"},"s":"I",  "c":"WTCHKPT",  "id":22430,   "ctx":"Checkpointer","msg":"WiredTiger message","attr":{"message":{"ts_sec":1748934462,"ts_usec":898632,"thread":"8264:140727424550432","session_name":"WT_SESSION.checkpoint","category":"WT_VERB_CHECKPOINT_PROGRESS","category_id":7,"verbose_level":"DEBUG_1","verbose_level_id":1,"msg":"saving checkpoint snapshot min: 51, snapshot max: 51 snapshot count: 0, oldest timestamp: (0, 0) , meta checkpoint timestamp: (0, 0) base write gen: 1"}}}
{"t":{"$date":"2025-06-03T12:38:38.556+05:30"},"s":"I",  "c":"CONTROL",  "id":23373,   "ctx":"thread30","msg":"CTRL_CLOSE_EVENT signal"}
{"t":{"$date":"2025-06-03T12:38:38.556+05:30"},"s":"I",  "c":"CONTROL",  "id":23371,   "ctx":"consoleTerminate","msg":"Received event, will terminate after current command ends","attr":{"controlCode":"CTRL_CLOSE_EVENT"}}
{"t":{"$date":"2025-06-03T12:38:38.556+05:30"},"s":"I",  "c":"REPL",     "id":4784900, "ctx":"consoleTerminate","msg":"Stepping down the ReplicationCoordinator for shutdown","attr":{"waitTimeMillis":15000}}
{"t":{"$date":"2025-06-03T12:38:38.556+05:30"},"s":"I",  "c":"REPL",     "id":4794602, "ctx":"consoleTerminate","msg":"Attempting to enter quiesce mode"}
{"t":{"$date":"2025-06-03T12:38:38.556+05:30"},"s":"I",  "c":"STORAGE",  "id":7333402, "ctx":"consoleTerminate","msg":"Shutting down the DiskSpaceMonitor"}
{"t":{"$date":"2025-06-03T12:38:38.557+05:30"},"s":"I",  "c":"-",        "id":6371601, "ctx":"consoleTerminate","msg":"Shutting down the FLE Crud thread pool"}
{"t":{"$date":"2025-06-03T12:38:38.557+05:30"},"s":"I",  "c":"COMMAND",  "id":4784901, "ctx":"consoleTerminate","msg":"Shutting down the MirrorMaestro"}
{"t":{"$date":"2025-06-03T12:38:38.557+05:30"},"s":"I",  "c":"SHARDING", "id":4784902, "ctx":"consoleTerminate","msg":"Shutting down the WaitForMajorityService"}
{"t":{"$date":"2025-06-03T12:38:38.570+05:30"},"s":"I",  "c":"NETWORK",  "id":22944,   "ctx":"conn4","msg":"Connection ended","attr":{"remote":"127.0.0.1:57121","uuid":{"uuid":{"$uuid":"cd9dcddc-ed8a-4d07-ac14-72b52dc8ab5d"}},"connectionId":4,"connectionCount":3}}
{"t":{"$date":"2025-06-03T12:38:38.570+05:30"},"s":"I",  "c":"NETWORK",  "id":22944,   "ctx":"conn2","msg":"Connection ended","attr":{"remote":"127.0.0.1:57108","uuid":{"uuid":{"$uuid":"62cffbce-e90d-4481-acc6-a6140d826dfa"}},"connectionId":2,"connectionCount":2}}
{"t":{"$date":"2025-06-03T12:38:38.570+05:30"},"s":"I",  "c":"NETWORK",  "id":22944,   "ctx":"conn3","msg":"Connection ended","attr":{"remote":"127.0.0.1:57109","uuid":{"uuid":{"$uuid":"fb03bd0c-6e4d-404a-82a1-73b29d68a0e7"}},"connectionId":3,"connectionCount":1}}
{"t":{"$date":"2025-06-03T12:38:38.573+05:30"},"s":"I",  "c":"CONTROL",  "id":4784903, "ctx":"consoleTerminate","msg":"Shutting down the LogicalSessionCache"}
{"t":{"$date":"2025-06-03T12:38:38.574+05:30"},"s":"I",  "c":"NETWORK",  "id":8314100, "ctx":"consoleTerminate","msg":"Shutdown: Closing listener sockets"}
{"t":{"$date":"2025-06-03T12:38:38.574+05:30"},"s":"I",  "c":"NETWORK",  "id":4784905, "ctx":"consoleTerminate","msg":"Shutting down the global connection pool"}
{"t":{"$date":"2025-06-03T12:38:38.574+05:30"},"s":"I",  "c":"CONTROL",  "id":4784906, "ctx":"consoleTerminate","msg":"Shutting down the FlowControlTicketholder"}
{"t":{"$date":"2025-06-03T12:38:38.574+05:30"},"s":"I",  "c":"-",        "id":20520,   "ctx":"consoleTerminate","msg":"Stopping further Flow Control ticket acquisitions."}
{"t":{"$date":"2025-06-03T12:38:38.574+05:30"},"s":"I",  "c":"CONTROL",  "id":4784908, "ctx":"consoleTerminate","msg":"Shutting down the PeriodicThreadToAbortExpiredTransactions"}
{"t":{"$date":"2025-06-03T12:38:38.574+05:30"},"s":"I",  "c":"REPL",     "id":4784909, "ctx":"consoleTerminate","msg":"Shutting down the ReplicationCoordinator"}
{"t":{"$date":"2025-06-03T12:38:38.574+05:30"},"s":"I",  "c":"SHARDING", "id":4784910, "ctx":"consoleTerminate","msg":"Shutting down the ShardingInitializationMongoD"}
{"t":{"$date":"2025-06-03T12:38:38.574+05:30"},"s":"I",  "c":"REPL",     "id":4784911, "ctx":"consoleTerminate","msg":"Enqueuing the ReplicationStateTransitionLock for shutdown"}
{"t":{"$date":"2025-06-03T12:38:38.574+05:30"},"s":"I",  "c":"-",        "id":4784912, "ctx":"consoleTerminate","msg":"Killing all operations for shutdown"}
{"t":{"$date":"2025-06-03T12:38:38.574+05:30"},"s":"I",  "c":"-",        "id":4695300, "ctx":"consoleTerminate","msg":"Interrupted all currently running operations","attr":{"opsKilled":4}}
{"t":{"$date":"2025-06-03T12:38:38.574+05:30"},"s":"I",  "c":"TENANT_M", "id":5093807, "ctx":"consoleTerminate","msg":"Shutting down all TenantMigrationAccessBlockers on global shutdown"}
{"t":{"$date":"2025-06-03T12:38:38.575+05:30"},"s":"I",  "c":"EXECUTOR", "id":22989,   "ctx":"conn1","msg":"Error sending response to client. Ending connection from remote","attr":{"error":{"code":6,"codeName":"HostUnreachable","errmsg":"futurize :: caused by :: Connection reset by peer"},"remote":"127.0.0.1:57105","connectionId":1}}
{"t":{"$date":"2025-06-03T12:38:38.575+05:30"},"s":"I",  "c":"NETWORK",  "id":22944,   "ctx":"conn1","msg":"Connection ended","attr":{"remote":"127.0.0.1:57105","uuid":{"uuid":{"$uuid":"f4bf77cb-efd7-46d0-a499-0d4bbef6809f"}},"connectionId":1,"connectionCount":0}}
{"t":{"$date":"2025-06-03T12:38:38.578+05:30"},"s":"I",  "c":"ASIO",     "id":22582,   "ctx":"TenantMigrationBlockerNet","msg":"Killing all outstanding egress activity."}
{"t":{"$date":"2025-06-03T12:38:38.579+05:30"},"s":"I",  "c":"ASIO",     "id":6529201, "ctx":"consoleTerminate","msg":"Network interface redundant shutdown","attr":{"state":"Stopped"}}
{"t":{"$date":"2025-06-03T12:38:38.579+05:30"},"s":"I",  "c":"ASIO",     "id":22582,   "ctx":"consoleTerminate","msg":"Killing all outstanding egress activity."}
{"t":{"$date":"2025-06-03T12:38:38.579+05:30"},"s":"I",  "c":"COMMAND",  "id":4784913, "ctx":"consoleTerminate","msg":"Shutting down all open transactions"}
{"t":{"$date":"2025-06-03T12:38:38.579+05:30"},"s":"I",  "c":"REPL",     "id":4784914, "ctx":"consoleTerminate","msg":"Acquiring the ReplicationStateTransitionLock for shutdown"}
{"t":{"$date":"2025-06-03T12:38:38.579+05:30"},"s":"I",  "c":"INDEX",    "id":4784915, "ctx":"consoleTerminate","msg":"Shutting down the IndexBuildsCoordinator"}
{"t":{"$date":"2025-06-03T12:38:38.579+05:30"},"s":"I",  "c":"NETWORK",  "id":4784918, "ctx":"consoleTerminate","msg":"Shutting down the ReplicaSetMonitor"}
{"t":{"$date":"2025-06-03T12:38:38.579+05:30"},"s":"I",  "c":"SHARDING", "id":4784921, "ctx":"consoleTerminate","msg":"Shutting down the MigrationUtilExecutor"}
{"t":{"$date":"2025-06-03T12:38:38.584+05:30"},"s":"I",  "c":"ASIO",     "id":22582,   "ctx":"MigrationUtil-TaskExecutor","msg":"Killing all outstanding egress activity."}
{"t":{"$date":"2025-06-03T12:38:38.585+05:30"},"s":"I",  "c":"NETWORK",  "id":20562,   "ctx":"consoleTerminate","msg":"Shutdown: Closing open transport sessions"}
{"t":{"$date":"2025-06-03T12:38:38.585+05:30"},"s":"I",  "c":"NETWORK",  "id":4784923, "ctx":"consoleTerminate","msg":"Shutting down the ASIO transport SessionManager"}
{"t":{"$date":"2025-06-03T12:38:38.585+05:30"},"s":"I",  "c":"CONTROL",  "id":4784927, "ctx":"consoleTerminate","msg":"Shutting down the HealthLog"}
{"t":{"$date":"2025-06-03T12:38:38.585+05:30"},"s":"I",  "c":"CONTROL",  "id":4784928, "ctx":"consoleTerminate","msg":"Shutting down the TTL monitor"}
{"t":{"$date":"2025-06-03T12:38:38.585+05:30"},"s":"I",  "c":"INDEX",    "id":3684100, "ctx":"consoleTerminate","msg":"Shutting down TTL collection monitor thread"}
{"t":{"$date":"2025-06-03T12:38:38.585+05:30"},"s":"I",  "c":"INDEX",    "id":3684101, "ctx":"consoleTerminate","msg":"Finished shutting down TTL collection monitor thread"}
{"t":{"$date":"2025-06-03T12:38:38.585+05:30"},"s":"I",  "c":"CONTROL",  "id":6278511, "ctx":"consoleTerminate","msg":"Shutting down the Change Stream Expired Pre-images Remover"}
{"t":{"$date":"2025-06-03T12:38:38.585+05:30"},"s":"I",  "c":"CONTROL",  "id":4784929, "ctx":"consoleTerminate","msg":"Acquiring the global lock for shutdown"}
{"t":{"$date":"2025-06-03T12:38:38.585+05:30"},"s":"I",  "c":"CONTROL",  "id":4784930, "ctx":"consoleTerminate","msg":"Shutting down the storage engine"}
{"t":{"$date":"2025-06-03T12:38:38.585+05:30"},"s":"I",  "c":"STORAGE",  "id":22320,   "ctx":"consoleTerminate","msg":"Shutting down journal flusher thread"}
{"t":{"$date":"2025-06-03T12:38:38.585+05:30"},"s":"I",  "c":"STORAGE",  "id":22321,   "ctx":"consoleTerminate","msg":"Finished shutting down journal flusher thread"}
{"t":{"$date":"2025-06-03T12:38:38.585+05:30"},"s":"I",  "c":"STORAGE",  "id":22322,   "ctx":"consoleTerminate","msg":"Shutting down checkpoint thread"}
{"t":{"$date":"2025-06-03T12:38:38.586+05:30"},"s":"I",  "c":"STORAGE",  "id":22323,   "ctx":"consoleTerminate","msg":"Finished shutting down checkpoint thread"}
{"t":{"$date":"2025-06-03T12:38:38.586+05:30"},"s":"I",  "c":"STORAGE",  "id":22261,   "ctx":"consoleTerminate","msg":"Timestamp monitor shutting down"}
{"t":{"$date":"2025-06-03T12:38:38.586+05:30"},"s":"I",  "c":"STORAGE",  "id":20282,   "ctx":"consoleTerminate","msg":"Deregistering all the collections"}
{"t":{"$date":"2025-06-03T12:38:38.586+05:30"},"s":"I",  "c":"STORAGE",  "id":22317,   "ctx":"consoleTerminate","msg":"WiredTigerKVEngine shutting down"}
{"t":{"$date":"2025-06-03T12:38:38.586+05:30"},"s":"I",  "c":"STORAGE",  "id":22318,   "ctx":"consoleTerminate","msg":"Shutting down session sweeper thread"}
{"t":{"$date":"2025-06-03T12:38:38.586+05:30"},"s":"I",  "c":"STORAGE",  "id":22319,   "ctx":"consoleTerminate","msg":"Finished shutting down session sweeper thread"}
{"t":{"$date":"2025-06-03T12:38:38.586+05:30"},"s":"I",  "c":"STORAGE",  "id":4795902, "ctx":"consoleTerminate","msg":"Closing WiredTiger","attr":{"closeConfig":"leak_memory=true,use_timestamp=false,"}}
{"t":{"$date":"2025-06-03T12:38:38.587+05:30"},"s":"I",  "c":"WTCHKPT",  "id":22430,   "ctx":"consoleTerminate","msg":"WiredTiger message","attr":{"message":{"ts_sec":1748934518,"ts_usec":586752,"thread":"8264:140727424550432","session_name":"close_ckpt","category":"WT_VERB_CHECKPOINT_PROGRESS","category_id":7,"verbose_level":"DEBUG_1","verbose_level_id":1,"msg":"saving checkpoint snapshot min: 53, snapshot max: 53 snapshot count: 0, oldest timestamp: (0, 0) , meta checkpoint timestamp: (0, 0) base write gen: 1"}}}
{"t":{"$date":"2025-06-03T12:38:38.609+05:30"},"s":"I",  "c":"WTRECOV",  "id":22430,   "ctx":"consoleTerminate","msg":"WiredTiger message","attr":{"message":{"ts_sec":1748934518,"ts_usec":609197,"thread":"8264:140727424550432","session_name":"WT_CONNECTION.close","category":"WT_VERB_RECOVERY_PROGRESS","category_id":34,"verbose_level":"DEBUG_1","verbose_level_id":1,"msg":"shutdown checkpoint has successfully finished and ran for 22 milliseconds"}}}
{"t":{"$date":"2025-06-03T12:38:38.609+05:30"},"s":"I",  "c":"WTRECOV",  "id":22430,   "ctx":"consoleTerminate","msg":"WiredTiger message","attr":{"message":{"ts_sec":1748934518,"ts_usec":609197,"thread":"8264:140727424550432","session_name":"WT_CONNECTION.close","category":"WT_VERB_RECOVERY_PROGRESS","category_id":34,"verbose_level":"DEBUG_1","verbose_level_id":1,"msg":"shutdown was completed successfully and took 23ms, including 0ms for the rollback to stable, and 22ms for the checkpoint."}}}
{"t":{"$date":"2025-06-03T12:38:38.634+05:30"},"s":"I",  "c":"STORAGE",  "id":4795901, "ctx":"consoleTerminate","msg":"WiredTiger closed","attr":{"durationMillis":48}}
{"t":{"$date":"2025-06-03T12:38:38.635+05:30"},"s":"I",  "c":"STORAGE",  "id":22281,   "ctx":"consoleTerminate","msg":"shutdown: removing fs lock..."}
{"t":{"$date":"2025-06-03T12:38:38.635+05:30"},"s":"I",  "c":"-",        "id":4784931, "ctx":"consoleTerminate","msg":"Dropping the scope cache for shutdown"}
{"t":{"$date":"2025-06-03T12:38:38.635+05:30"},"s":"I",  "c":"FTDC",     "id":20626,   "ctx":"consoleTerminate","msg":"Shutting down full-time diagnostic data capture"}
{"t":{"$date":"2025-06-03T12:38:38.641+05:30"},"s":"I",  "c":"CONTROL",  "id":20565,   "ctx":"consoleTerminate","msg":"Now exiting"}
{"t":{"$date":"2025-06-03T12:38:38.641+05:30"},"s":"I",  "c":"CONTROL",  "id":8423404, "ctx":"consoleTerminate","msg":"mongod shutdown complete","attr":{"Summary of time elapsed":{"Statistics":{"Enter terminal shutdown":"0 ms","Step down the replication coordinator for shutdown":"0 ms","Time spent in quiesce mode":"0 ms","Shut down FLE Crud subsystem":"1 ms","Shut down MirrorMaestro":"0 ms","Shut down WaitForMajorityService":"13 ms","Shut down the logical session cache":"3 ms","Shut down the global connection pool":"0 ms","Shut down the flow control ticket holder":"0 ms","Shut down the thread that aborts expired transactions":"0 ms","Kill all operations for shutdown":"0 ms","Shut down all tenant migration access blockers on global shutdown":"5 ms","Shut down all open transactions":"0 ms","Acquire the RSTL for shutdown":"0 ms","Shut down the IndexBuildsCoordinator and wait for index builds to finish":"0 ms","Shut down the replica set monitor":"0 ms","Shut down the migration util executor":"5 ms","Shut down the transport layer":"1 ms","Shut down the health log":"0 ms","Shut down the TTL monitor":"0 ms","Shut down expired pre-images and documents removers":"0 ms","Shut down the storage engine":"50 ms","Wait for the oplog cap maintainer thread to stop":"0 ms","Shut down full-time data capture":"0 ms","Shut down online certificate status protocol manager":"0 ms","shutdownTask total elapsed time":"85 ms"}}}}
{"t":{"$date":"2025-06-03T12:38:38.641+05:30"},"s":"I",  "c":"CONTROL",  "id":23138,   "ctx":"consoleTerminate","msg":"Shutting down","attr":{"exitCode":12}}

{"t":{"$date":"2025-06-03T12:41:06.887+05:30"},"s":"I",  "c":"CONTROL",  "id":20698,   "ctx":"thread1","msg":"***** SERVER RESTARTED *****"}
{"t":{"$date":"2025-06-03T12:41:08.735+05:30"},"s":"I",  "c":"CONTROL",  "id":23285,   "ctx":"thread1","msg":"Automatically disabling TLS 1.0, to force-enable TLS 1.0 specify --sslDisabledProtocols 'none'"}
{"t":{"$date":"2025-06-03T12:41:08.738+05:30"},"s":"I",  "c":"CONTROL",  "id":5945603, "ctx":"thread1","msg":"Multi threading initialized"}
{"t":{"$date":"2025-06-03T12:41:08.739+05:30"},"s":"I",  "c":"NETWORK",  "id":4648601, "ctx":"thread1","msg":"Implicit TCP FastOpen unavailable. If TCP FastOpen is required, set at least one of the related parameters","attr":{"relatedParameters":["tcpFastOpenServer","tcpFastOpenClient","tcpFastOpenQueueSize"]}}
{"t":{"$date":"2025-06-03T12:41:08.740+05:30"},"s":"I",  "c":"NETWORK",  "id":4915701, "ctx":"thread1","msg":"Initialized wire specification","attr":{"spec":{"incomingExternalClient":{"minWireVersion":0,"maxWireVersion":25},"incomingInternalClient":{"minWireVersion":0,"maxWireVersion":25},"outgoing":{"minWireVersion":6,"maxWireVersion":25},"isInternalClient":true}}}
{"t":{"$date":"2025-06-03T12:41:08.741+05:30"},"s":"I",  "c":"TENANT_M", "id":7091600, "ctx":"thread1","msg":"Starting TenantMigrationAccessBlockerRegistry"}
{"t":{"$date":"2025-06-03T12:41:08.742+05:30"},"s":"I",  "c":"CONTROL",  "id":4615611, "ctx":"initandlisten","msg":"MongoDB starting","attr":{"pid":24592,"port":27017,"dbPath":"D:/FST Project/data/db","architecture":"64-bit","host":"Sundaresan"}}
{"t":{"$date":"2025-06-03T12:41:08.742+05:30"},"s":"I",  "c":"CONTROL",  "id":23398,   "ctx":"initandlisten","msg":"Target operating system minimum version","attr":{"targetMinOS":"Windows 7/Windows Server 2008 R2"}}
{"t":{"$date":"2025-06-03T12:41:08.742+05:30"},"s":"I",  "c":"CONTROL",  "id":23403,   "ctx":"initandlisten","msg":"Build Info","attr":{"buildInfo":{"version":"8.0.6","gitVersion":"80f21521ad4a3dfd5613f5d649d7058c6d46277f","modules":[],"allocator":"tcmalloc-gperf","environment":{"distmod":"windows","distarch":"x86_64","target_arch":"x86_64"}}}}
{"t":{"$date":"2025-06-03T12:41:08.742+05:30"},"s":"I",  "c":"CONTROL",  "id":51765,   "ctx":"initandlisten","msg":"Operating System","attr":{"os":{"name":"Microsoft Windows 10","version":"10.0 (build 26100)"}}}
{"t":{"$date":"2025-06-03T12:41:08.742+05:30"},"s":"I",  "c":"CONTROL",  "id":21951,   "ctx":"initandlisten","msg":"Options set by command line","attr":{"options":{"config":"D:\\FST Project\\back-end\\mongod.conf","net":{"bindIp":"127.0.0.1","port":27017},"storage":{"dbPath":"D:/FST Project/data/db"},"systemLog":{"destination":"file","logAppend":true,"path":"D:/FST Project/data/log/mongod.log"}}}}
{"t":{"$date":"2025-06-03T12:41:08.745+05:30"},"s":"I",  "c":"STORAGE",  "id":22270,   "ctx":"initandlisten","msg":"Storage engine to use detected by data files","attr":{"dbpath":"D:/FST Project/data/db","storageEngine":"wiredTiger"}}
{"t":{"$date":"2025-06-03T12:41:08.745+05:30"},"s":"I",  "c":"STORAGE",  "id":22315,   "ctx":"initandlisten","msg":"Opening WiredTiger","attr":{"config":"create,cache_size=7500M,session_max=33000,eviction=(threads_min=4,threads_max=4),config_base=false,statistics=(fast),log=(enabled=true,remove=true,path=journal,compressor=snappy),builtin_extension_config=(zstd=(compression_level=6)),file_manager=(close_idle_time=600,close_scan_interval=10,close_handle_minimum=2000),statistics_log=(wait=0),json_output=(error,message),verbose=[recovery_progress:1,checkpoint_progress:1,compact_progress:1,backup:0,checkpoint:0,compact:0,evict:0,history_store:0,recovery:0,rts:0,salvage:0,tiered:0,timestamp:0,transaction:0,verify:0,log:0],prefetch=(available=true,default=false),"}}
{"t":{"$date":"2025-06-03T12:41:08.795+05:30"},"s":"I",  "c":"WTRECOV",  "id":22430,   "ctx":"initandlisten","msg":"WiredTiger message","attr":{"message":{"ts_sec":1748934668,"ts_usec":794262,"thread":"24592:140727424550432","session_name":"txn-recover","category":"WT_VERB_RECOVERY_PROGRESS","category_id":34,"verbose_level":"DEBUG_1","verbose_level_id":1,"msg":"Recovering log 1 through 2"}}}
{"t":{"$date":"2025-06-03T12:41:08.890+05:30"},"s":"I",  "c":"WTRECOV",  "id":22430,   "ctx":"initandlisten","msg":"WiredTiger message","attr":{"message":{"ts_sec":1748934668,"ts_usec":890421,"thread":"24592:140727424550432","session_name":"txn-recover","category":"WT_VERB_RECOVERY_PROGRESS","category_id":34,"verbose_level":"DEBUG_1","verbose_level_id":1,"msg":"Recovering log 2 through 2"}}}
{"t":{"$date":"2025-06-03T12:41:08.998+05:30"},"s":"I",  "c":"WTRECOV",  "id":22430,   "ctx":"initandlisten","msg":"WiredTiger message","attr":{"message":{"ts_sec":1748934668,"ts_usec":997690,"thread":"24592:140727424550432","session_name":"txn-recover","category":"WT_VERB_RECOVERY_PROGRESS","category_id":34,"verbose_level":"DEBUG_1","verbose_level_id":1,"msg":"Main recovery loop: starting at 1/32512 to 2/256"}}}
{"t":{"$date":"2025-06-03T12:41:09.135+05:30"},"s":"I",  "c":"WTRECOV",  "id":22430,   "ctx":"initandlisten","msg":"WiredTiger message","attr":{"message":{"ts_sec":1748934669,"ts_usec":135029,"thread":"24592:140727424550432","session_name":"txn-recover","category":"WT_VERB_RECOVERY_PROGRESS","category_id":34,"verbose_level":"DEBUG_1","verbose_level_id":1,"msg":"Recovering log 1 through 2"}}}
{"t":{"$date":"2025-06-03T12:41:09.270+05:30"},"s":"I",  "c":"WTRECOV",  "id":22430,   "ctx":"initandlisten","msg":"WiredTiger message","attr":{"message":{"ts_sec":1748934669,"ts_usec":270278,"thread":"24592:140727424550432","session_name":"txn-recover","category":"WT_VERB_RECOVERY_PROGRESS","category_id":34,"verbose_level":"DEBUG_1","verbose_level_id":1,"msg":"Recovering log 2 through 2"}}}
{"t":{"$date":"2025-06-03T12:41:09.377+05:30"},"s":"I",  "c":"WTRECOV",  "id":22430,   "ctx":"initandlisten","msg":"WiredTiger message","attr":{"message":{"ts_sec":1748934669,"ts_usec":376601,"thread":"24592:140727424550432","session_name":"txn-recover","category":"WT_VERB_RECOVERY_PROGRESS","category_id":34,"verbose_level":"DEBUG_1","verbose_level_id":1,"msg":"recovery log replay has successfully finished and ran for 582 milliseconds"}}}
{"t":{"$date":"2025-06-03T12:41:09.377+05:30"},"s":"I",  "c":"WTRECOV",  "id":22430,   "ctx":"initandlisten","msg":"WiredTiger message","attr":{"message":{"ts_sec":1748934669,"ts_usec":377604,"thread":"24592:140727424550432","session_name":"txn-recover","category":"WT_VERB_RECOVERY_PROGRESS","category_id":34,"verbose_level":"DEBUG_1","verbose_level_id":1,"msg":"Set global recovery timestamp: (0, 0)"}}}
{"t":{"$date":"2025-06-03T12:41:09.377+05:30"},"s":"I",  "c":"WTRECOV",  "id":22430,   "ctx":"initandlisten","msg":"WiredTiger message","attr":{"message":{"ts_sec":1748934669,"ts_usec":377604,"thread":"24592:140727424550432","session_name":"txn-recover","category":"WT_VERB_RECOVERY_PROGRESS","category_id":34,"verbose_level":"DEBUG_1","verbose_level_id":1,"msg":"Set global oldest timestamp: (0, 0)"}}}
{"t":{"$date":"2025-06-03T12:41:09.379+05:30"},"s":"I",  "c":"WTRECOV",  "id":22430,   "ctx":"initandlisten","msg":"WiredTiger message","attr":{"message":{"ts_sec":1748934669,"ts_usec":379606,"thread":"24592:140727424550432","session_name":"txn-recover","category":"WT_VERB_RECOVERY_PROGRESS","category_id":34,"verbose_level":"DEBUG_1","verbose_level_id":1,"msg":"recovery rollback to stable has successfully finished and ran for 2 milliseconds"}}}
{"t":{"$date":"2025-06-03T12:41:09.383+05:30"},"s":"I",  "c":"WTCHKPT",  "id":22430,   "ctx":"initandlisten","msg":"WiredTiger message","attr":{"message":{"ts_sec":1748934669,"ts_usec":382613,"thread":"24592:140727424550432","session_name":"WT_SESSION.checkpoint","category":"WT_VERB_CHECKPOINT_PROGRESS","category_id":7,"verbose_level":"DEBUG_1","verbose_level_id":1,"msg":"saving checkpoint snapshot min: 1, snapshot max: 1 snapshot count: 0, oldest timestamp: (0, 0) , meta checkpoint timestamp: (0, 0) base write gen: 10"}}}
{"t":{"$date":"2025-06-03T12:41:09.401+05:30"},"s":"I",  "c":"WTRECOV",  "id":22430,   "ctx":"initandlisten","msg":"WiredTiger message","attr":{"message":{"ts_sec":1748934669,"ts_usec":401047,"thread":"24592:140727424550432","session_name":"txn-recover","category":"WT_VERB_RECOVERY_PROGRESS","category_id":34,"verbose_level":"DEBUG_1","verbose_level_id":1,"msg":"recovery checkpoint has successfully finished and ran for 21 milliseconds"}}}
{"t":{"$date":"2025-06-03T12:41:09.401+05:30"},"s":"I",  "c":"WTRECOV",  "id":22430,   "ctx":"initandlisten","msg":"WiredTiger message","attr":{"message":{"ts_sec":1748934669,"ts_usec":401047,"thread":"24592:140727424550432","session_name":"txn-recover","category":"WT_VERB_RECOVERY_PROGRESS","category_id":34,"verbose_level":"DEBUG_1","verbose_level_id":1,"msg":"recovery was completed successfully and took 606ms, including 582ms for the log replay, 2ms for the rollback to stable, and 21ms for the checkpoint."}}}
{"t":{"$date":"2025-06-03T12:41:09.407+05:30"},"s":"I",  "c":"STORAGE",  "id":4795906, "ctx":"initandlisten","msg":"WiredTiger opened","attr":{"durationMillis":662}}
{"t":{"$date":"2025-06-03T12:41:09.407+05:30"},"s":"I",  "c":"RECOVERY", "id":23987,   "ctx":"initandlisten","msg":"WiredTiger recoveryTimestamp","attr":{"recoveryTimestamp":{"$timestamp":{"t":0,"i":0}}}}
{"t":{"$date":"2025-06-03T12:41:09.410+05:30"},"s":"I",  "c":"STORAGE",  "id":9529901, "ctx":"initandlisten","msg":"Initializing durable catalog","attr":{"numRecords":5}}
{"t":{"$date":"2025-06-03T12:41:09.411+05:30"},"s":"I",  "c":"STORAGE",  "id":9529902, "ctx":"initandlisten","msg":"Retrieving all idents from storage engine"}
{"t":{"$date":"2025-06-03T12:41:09.412+05:30"},"s":"I",  "c":"STORAGE",  "id":9529903, "ctx":"initandlisten","msg":"Initializing all collections in durable catalog","attr":{"numEntries":5}}
{"t":{"$date":"2025-06-03T12:41:09.423+05:30"},"s":"W",  "c":"CONTROL",  "id":22120,   "ctx":"initandlisten","msg":"Access control is not enabled for the database. Read and write access to data and configuration is unrestricted","tags":["startupWarnings"]}
{"t":{"$date":"2025-06-03T12:41:09.427+05:30"},"s":"I",  "c":"NETWORK",  "id":4915702, "ctx":"initandlisten","msg":"Updated wire specification","attr":{"oldSpec":{"incomingExternalClient":{"minWireVersion":0,"maxWireVersion":25},"incomingInternalClient":{"minWireVersion":0,"maxWireVersion":25},"outgoing":{"minWireVersion":6,"maxWireVersion":25},"isInternalClient":true},"newSpec":{"incomingExternalClient":{"minWireVersion":0,"maxWireVersion":25},"incomingInternalClient":{"minWireVersion":25,"maxWireVersion":25},"outgoing":{"minWireVersion":25,"maxWireVersion":25},"isInternalClient":true}}}
{"t":{"$date":"2025-06-03T12:41:09.427+05:30"},"s":"I",  "c":"REPL",     "id":5853300, "ctx":"initandlisten","msg":"current featureCompatibilityVersion value","attr":{"featureCompatibilityVersion":"8.0","context":"startup"}}
{"t":{"$date":"2025-06-03T12:41:09.427+05:30"},"s":"I",  "c":"STORAGE",  "id":5071100, "ctx":"initandlisten","msg":"Clearing temp directory"}
{"t":{"$date":"2025-06-03T12:41:09.430+05:30"},"s":"I",  "c":"CONTROL",  "id":6608200, "ctx":"initandlisten","msg":"Initializing cluster server parameters from disk"}
{"t":{"$date":"2025-06-03T12:41:09.430+05:30"},"s":"I",  "c":"CONTROL",  "id":20536,   "ctx":"initandlisten","msg":"Flow Control is enabled on this deployment"}
{"t":{"$date":"2025-06-03T12:41:09.606+05:30"},"s":"I",  "c":"FTDC",     "id":20625,   "ctx":"initandlisten","msg":"Initializing full-time diagnostic data capture","attr":{"dataDirectory":"D:/FST Project/data/db/diagnostic.data"}}
{"t":{"$date":"2025-06-03T12:41:09.609+05:30"},"s":"I",  "c":"REPL",     "id":6015317, "ctx":"initandlisten","msg":"Setting new configuration state","attr":{"newState":"ConfigReplicationDisabled","oldState":"ConfigPreStart"}}
{"t":{"$date":"2025-06-03T12:41:09.609+05:30"},"s":"I",  "c":"STORAGE",  "id":22262,   "ctx":"initandlisten","msg":"Timestamp monitor starting"}
{"t":{"$date":"2025-06-03T12:41:09.609+05:30"},"s":"I",  "c":"STORAGE",  "id":7333401, "ctx":"initandlisten","msg":"Starting the DiskSpaceMonitor"}
{"t":{"$date":"2025-06-03T12:41:09.611+05:30"},"s":"I",  "c":"NETWORK",  "id":23015,   "ctx":"listener","msg":"Listening on","attr":{"address":"127.0.0.1:27017"}}
{"t":{"$date":"2025-06-03T12:41:09.611+05:30"},"s":"I",  "c":"NETWORK",  "id":23016,   "ctx":"listener","msg":"Waiting for connections","attr":{"port":27017,"ssl":"off"}}
{"t":{"$date":"2025-06-03T12:41:09.611+05:30"},"s":"I",  "c":"CONTROL",  "id":8423403, "ctx":"initandlisten","msg":"mongod startup complete","attr":{"Summary of time elapsed":{"Startup from clean shutdown?":true,"Statistics":{"Set up periodic runner":"0 ms","Set up online certificate status protocol manager":"0 ms","Transport layer setup":"0 ms","Run initial syncer crash recovery":"0 ms","Create storage engine lock file in the data directory":"0 ms","Get metadata describing storage engine":"0 ms","Validate options in metadata against current startup options":"0 ms","Create storage engine":"667 ms","Write current PID to file":"6 ms","Initialize FCV before rebuilding indexes":"4 ms","Drop abandoned idents and get back indexes that need to be rebuilt or builds that need to be restarted":"0 ms","Rebuild indexes for collections":"0 ms","Load cluster parameters from disk for a standalone":"0 ms","Build user and roles graph":"0 ms","Set up the background thread pool responsible for waiting for opTimes to be majority committed":"0 ms","Start up the replication coordinator":"1 ms","Ensure the change stream collections on startup contain consistent data":"0 ms","Write startup options to the audit log":"0 ms","Start transport layer":"0 ms","_initAndListen total elapsed time":"869 ms"}}}}
{"t":{"$date":"2025-06-03T12:41:09.978+05:30"},"s":"I",  "c":"NETWORK",  "id":22943,   "ctx":"listener","msg":"Connection accepted","attr":{"remote":"127.0.0.1:57621","uuid":{"uuid":{"$uuid":"a3f8d721-3c1a-4b6b-bbce-1443c4cdae6f"}},"connectionId":1,"connectionCount":1}}
{"t":{"$date":"2025-06-03T12:41:09.986+05:30"},"s":"I",  "c":"NETWORK",  "id":51800,   "ctx":"conn1","msg":"client metadata","attr":{"remote":"127.0.0.1:57621","client":"conn1","negotiatedCompressors":[],"doc":{"application":{"name":"mongosh 2.4.2"},"driver":{"name":"nodejs|mongosh","version":"6.14.2|2.4.2"},"platform":"Node.js v20.18.3, LE","os":{"name":"win32","architecture":"x64","version":"10.0.17763","type":"Windows_NT"}}}}
{"t":{"$date":"2025-06-03T12:41:10.011+05:30"},"s":"W",  "c":"CONTROL",  "id":636300,  "ctx":"ftdc","msg":"Use of deprecated server parameter name","attr":{"deprecatedName":"internalQueryCacheSize","canonicalName":"internalQueryCacheMaxEntriesPerCollection"}}
{"t":{"$date":"2025-06-03T12:41:10.011+05:30"},"s":"W",  "c":"CONTROL",  "id":636300,  "ctx":"ftdc","msg":"Use of deprecated server parameter name","attr":{"deprecatedName":"oplogSamplingLogIntervalSeconds","canonicalName":"collectionSamplingLogIntervalSeconds"}}
{"t":{"$date":"2025-06-03T12:41:10.011+05:30"},"s":"W",  "c":"NETWORK",  "id":23803,   "ctx":"ftdc","msg":"Use of deprecated server parameter 'sslMode', please use 'tlsMode' instead."}
{"t":{"$date":"2025-06-03T12:41:10.011+05:30"},"s":"W",  "c":"CONTROL",  "id":636300,  "ctx":"ftdc","msg":"Use of deprecated server parameter name","attr":{"deprecatedName":"wiredTigerConcurrentReadTransactions","canonicalName":"storageEngineConcurrentReadTransactions"}}
{"t":{"$date":"2025-06-03T12:41:10.011+05:30"},"s":"W",  "c":"CONTROL",  "id":636300,  "ctx":"ftdc","msg":"Use of deprecated server parameter name","attr":{"deprecatedName":"wiredTigerConcurrentWriteTransactions","canonicalName":"storageEngineConcurrentWriteTransactions"}}
{"t":{"$date":"2025-06-03T12:41:10.077+05:30"},"s":"I",  "c":"NETWORK",  "id":22943,   "ctx":"listener","msg":"Connection accepted","attr":{"remote":"127.0.0.1:57622","uuid":{"uuid":{"$uuid":"4a0d09c4-b888-474b-a50c-802e3eeb5921"}},"connectionId":2,"connectionCount":2}}
{"t":{"$date":"2025-06-03T12:41:10.077+05:30"},"s":"I",  "c":"NETWORK",  "id":22943,   "ctx":"listener","msg":"Connection accepted","attr":{"remote":"127.0.0.1:57623","uuid":{"uuid":{"$uuid":"991be1d4-059b-4d1a-a752-8f8c85fbe3ce"}},"connectionId":3,"connectionCount":3}}
{"t":{"$date":"2025-06-03T12:41:10.082+05:30"},"s":"I",  "c":"NETWORK",  "id":51800,   "ctx":"conn2","msg":"client metadata","attr":{"remote":"127.0.0.1:57622","client":"conn2","negotiatedCompressors":[],"doc":{"application":{"name":"mongosh 2.4.2"},"driver":{"name":"nodejs|mongosh","version":"6.14.2|2.4.2"},"platform":"Node.js v20.18.3, LE","os":{"name":"win32","architecture":"x64","version":"10.0.17763","type":"Windows_NT"}}}}
{"t":{"$date":"2025-06-03T12:41:10.082+05:30"},"s":"I",  "c":"NETWORK",  "id":51800,   "ctx":"conn3","msg":"client metadata","attr":{"remote":"127.0.0.1:57623","client":"conn3","negotiatedCompressors":[],"doc":{"application":{"name":"mongosh 2.4.2"},"driver":{"name":"nodejs|mongosh","version":"6.14.2|2.4.2"},"platform":"Node.js v20.18.3, LE","os":{"name":"win32","architecture":"x64","version":"10.0.17763","type":"Windows_NT"}}}}
{"t":{"$date":"2025-06-03T12:41:10.085+05:30"},"s":"I",  "c":"NETWORK",  "id":6788700, "ctx":"conn2","msg":"Received first command on ingress connection since session start or auth handshake","attr":{"elapsedMillis":3}}
{"t":{"$date":"2025-06-03T12:41:10.086+05:30"},"s":"I",  "c":"NETWORK",  "id":22943,   "ctx":"listener","msg":"Connection accepted","attr":{"remote":"127.0.0.1:57624","uuid":{"uuid":{"$uuid":"5bf40093-2e8e-4bc1-98a1-7f1f719a1100"}},"connectionId":4,"connectionCount":4}}
{"t":{"$date":"2025-06-03T12:41:10.090+05:30"},"s":"I",  "c":"NETWORK",  "id":22943,   "ctx":"listener","msg":"Connection accepted","attr":{"remote":"127.0.0.1:57625","uuid":{"uuid":{"$uuid":"feb6050d-cddc-4b02-bbef-4a6962e2a653"}},"connectionId":5,"connectionCount":5}}
{"t":{"$date":"2025-06-03T12:41:10.091+05:30"},"s":"I",  "c":"NETWORK",  "id":51800,   "ctx":"conn4","msg":"client metadata","attr":{"remote":"127.0.0.1:57624","client":"conn4","negotiatedCompressors":[],"doc":{"application":{"name":"mongosh 2.4.2"},"driver":{"name":"nodejs|mongosh","version":"6.14.2|2.4.2"},"platform":"Node.js v20.18.3, LE","os":{"name":"win32","architecture":"x64","version":"10.0.17763","type":"Windows_NT"}}}}
{"t":{"$date":"2025-06-03T12:41:10.095+05:30"},"s":"I",  "c":"NETWORK",  "id":51800,   "ctx":"conn5","msg":"client metadata","attr":{"remote":"127.0.0.1:57625","client":"conn5","negotiatedCompressors":[],"doc":{"application":{"name":"mongosh 2.4.2"},"driver":{"name":"nodejs|mongosh","version":"6.14.2|2.4.2"},"platform":"Node.js v20.18.3, LE","os":{"name":"win32","architecture":"x64","version":"10.0.17763","type":"Windows_NT"}}}}
{"t":{"$date":"2025-06-03T12:41:10.096+05:30"},"s":"I",  "c":"NETWORK",  "id":6788700, "ctx":"conn4","msg":"Received first command on ingress connection since session start or auth handshake","attr":{"elapsedMillis":4}}
{"t":{"$date":"2025-06-03T12:41:10.096+05:30"},"s":"I",  "c":"NETWORK",  "id":6788700, "ctx":"conn5","msg":"Received first command on ingress connection since session start or auth handshake","attr":{"elapsedMillis":1}}
{"t":{"$date":"2025-06-03T12:41:10.111+05:30"},"s":"I",  "c":"NETWORK",  "id":22944,   "ctx":"conn3","msg":"Connection ended","attr":{"remote":"127.0.0.1:57623","uuid":{"uuid":{"$uuid":"991be1d4-059b-4d1a-a752-8f8c85fbe3ce"}},"connectionId":3,"connectionCount":4}}
{"t":{"$date":"2025-06-03T12:41:10.111+05:30"},"s":"I",  "c":"NETWORK",  "id":22944,   "ctx":"conn1","msg":"Connection ended","attr":{"remote":"127.0.0.1:57621","uuid":{"uuid":{"$uuid":"a3f8d721-3c1a-4b6b-bbce-1443c4cdae6f"}},"connectionId":1,"connectionCount":3}}
{"t":{"$date":"2025-06-03T12:41:10.132+05:30"},"s":"I",  "c":"NETWORK",  "id":22944,   "ctx":"conn2","msg":"Connection ended","attr":{"remote":"127.0.0.1:57622","uuid":{"uuid":{"$uuid":"4a0d09c4-b888-474b-a50c-802e3eeb5921"}},"connectionId":2,"connectionCount":2}}
{"t":{"$date":"2025-06-03T12:41:10.132+05:30"},"s":"I",  "c":"NETWORK",  "id":22944,   "ctx":"conn4","msg":"Connection ended","attr":{"remote":"127.0.0.1:57624","uuid":{"uuid":{"$uuid":"5bf40093-2e8e-4bc1-98a1-7f1f719a1100"}},"connectionId":4,"connectionCount":1}}
{"t":{"$date":"2025-06-03T12:41:10.132+05:30"},"s":"I",  "c":"NETWORK",  "id":22944,   "ctx":"conn5","msg":"Connection ended","attr":{"remote":"127.0.0.1:57625","uuid":{"uuid":{"$uuid":"feb6050d-cddc-4b02-bbef-4a6962e2a653"}},"connectionId":5,"connectionCount":0}}
{"t":{"$date":"2025-06-03T12:41:44.839+05:30"},"s":"I",  "c":"NETWORK",  "id":22943,   "ctx":"listener","msg":"Connection accepted","attr":{"remote":"127.0.0.1:57704","uuid":{"uuid":{"$uuid":"29f20a30-d483-4197-b51b-50c83bf6fa07"}},"connectionId":6,"connectionCount":1}}
{"t":{"$date":"2025-06-03T12:41:44.844+05:30"},"s":"I",  "c":"NETWORK",  "id":51800,   "ctx":"conn6","msg":"client metadata","attr":{"remote":"127.0.0.1:57704","client":"conn6","negotiatedCompressors":[],"doc":{"driver":{"name":"nodejs|Mongoose","version":"6.16.0|8.15.0"},"platform":"Node.js v22.13.0, LE","os":{"name":"win32","architecture":"x64","version":"10.0.26100","type":"Windows_NT"}}}}
{"t":{"$date":"2025-06-03T12:41:44.862+05:30"},"s":"I",  "c":"NETWORK",  "id":22943,   "ctx":"listener","msg":"Connection accepted","attr":{"remote":"127.0.0.1:57707","uuid":{"uuid":{"$uuid":"9d4a3525-00f5-4b30-b136-9b162c7bbe3d"}},"connectionId":7,"connectionCount":2}}
{"t":{"$date":"2025-06-03T12:41:44.864+05:30"},"s":"I",  "c":"NETWORK",  "id":22943,   "ctx":"listener","msg":"Connection accepted","attr":{"remote":"127.0.0.1:57708","uuid":{"uuid":{"$uuid":"23d5cebe-cb79-4ad7-9733-87182693a2a4"}},"connectionId":8,"connectionCount":3}}
{"t":{"$date":"2025-06-03T12:41:44.865+05:30"},"s":"I",  "c":"NETWORK",  "id":51800,   "ctx":"conn7","msg":"client metadata","attr":{"remote":"127.0.0.1:57707","client":"conn7","negotiatedCompressors":[],"doc":{"driver":{"name":"nodejs|Mongoose","version":"6.16.0|8.15.0"},"platform":"Node.js v22.13.0, LE","os":{"name":"win32","architecture":"x64","version":"10.0.26100","type":"Windows_NT"}}}}
{"t":{"$date":"2025-06-03T12:41:44.866+05:30"},"s":"I",  "c":"NETWORK",  "id":51800,   "ctx":"conn8","msg":"client metadata","attr":{"remote":"127.0.0.1:57708","client":"conn8","negotiatedCompressors":[],"doc":{"driver":{"name":"nodejs|Mongoose","version":"6.16.0|8.15.0"},"platform":"Node.js v22.13.0, LE","os":{"name":"win32","architecture":"x64","version":"10.0.26100","type":"Windows_NT"}}}}
{"t":{"$date":"2025-06-03T12:41:44.870+05:30"},"s":"I",  "c":"NETWORK",  "id":6788700, "ctx":"conn7","msg":"Received first command on ingress connection since session start or auth handshake","attr":{"elapsedMillis":5}}
{"t":{"$date":"2025-06-03T12:41:44.872+05:30"},"s":"I",  "c":"NETWORK",  "id":6788700, "ctx":"conn8","msg":"Received first command on ingress connection since session start or auth handshake","attr":{"elapsedMillis":5}}
{"t":{"$date":"2025-06-03T12:41:55.373+05:30"},"s":"I",  "c":"NETWORK",  "id":22943,   "ctx":"listener","msg":"Connection accepted","attr":{"remote":"127.0.0.1:57741","uuid":{"uuid":{"$uuid":"87b11802-59bf-4295-bf67-ce2762065d14"}},"connectionId":9,"connectionCount":4}}
{"t":{"$date":"2025-06-03T12:41:55.375+05:30"},"s":"I",  "c":"NETWORK",  "id":51800,   "ctx":"conn9","msg":"client metadata","attr":{"remote":"127.0.0.1:57741","client":"conn9","negotiatedCompressors":[],"doc":{"driver":{"name":"nodejs|Mongoose","version":"6.16.0|8.15.0"},"platform":"Node.js v22.13.0, LE","os":{"name":"win32","architecture":"x64","version":"10.0.26100","type":"Windows_NT"}}}}
{"t":{"$date":"2025-06-03T12:42:09.428+05:30"},"s":"I",  "c":"WTCHKPT",  "id":22430,   "ctx":"Checkpointer","msg":"WiredTiger message","attr":{"message":{"ts_sec":1748934729,"ts_usec":427669,"thread":"24592:140727424550432","session_name":"WT_SESSION.checkpoint","category":"WT_VERB_CHECKPOINT_PROGRESS","category_id":7,"verbose_level":"DEBUG_1","verbose_level_id":1,"msg":"saving checkpoint snapshot min: 4, snapshot max: 4 snapshot count: 0, oldest timestamp: (0, 0) , meta checkpoint timestamp: (0, 0) base write gen: 10"}}}
{"t":{"$date":"2025-06-03T12:42:54.058+05:30"},"s":"I",  "c":"NETWORK",  "id":22944,   "ctx":"conn7","msg":"Connection ended","attr":{"remote":"127.0.0.1:57707","uuid":{"uuid":{"$uuid":"9d4a3525-00f5-4b30-b136-9b162c7bbe3d"}},"connectionId":7,"connectionCount":3}}
{"t":{"$date":"2025-06-03T12:42:54.058+05:30"},"s":"I",  "c":"NETWORK",  "id":22944,   "ctx":"conn8","msg":"Connection ended","attr":{"remote":"127.0.0.1:57708","uuid":{"uuid":{"$uuid":"23d5cebe-cb79-4ad7-9733-87182693a2a4"}},"connectionId":8,"connectionCount":2}}
{"t":{"$date":"2025-06-03T12:42:54.058+05:30"},"s":"I",  "c":"NETWORK",  "id":22944,   "ctx":"conn9","msg":"Connection ended","attr":{"remote":"127.0.0.1:57741","uuid":{"uuid":{"$uuid":"87b11802-59bf-4295-bf67-ce2762065d14"}},"connectionId":9,"connectionCount":1}}
{"t":{"$date":"2025-06-03T12:42:54.403+05:30"},"s":"W",  "c":"NETWORK",  "id":4615610, "ctx":"conn6","msg":"Failed to check socket connectivity","attr":{"error":{"code":6,"codeName":"HostUnreachable","errmsg":"peekASIOStream :: caused by :: Connection reset by peer"}}}
{"t":{"$date":"2025-06-03T12:42:54.403+05:30"},"s":"I",  "c":"-",        "id":20883,   "ctx":"conn6","msg":"Interrupted operation as its client disconnected","attr":{"opId":18439}}
{"t":{"$date":"2025-06-03T12:42:54.404+05:30"},"s":"I",  "c":"EXECUTOR", "id":22989,   "ctx":"conn6","msg":"Error sending response to client. Ending connection from remote","attr":{"error":{"code":6,"codeName":"HostUnreachable","errmsg":"futurize :: caused by :: Connection reset by peer"},"remote":"127.0.0.1:57704","connectionId":6}}
{"t":{"$date":"2025-06-03T12:42:54.404+05:30"},"s":"I",  "c":"NETWORK",  "id":22944,   "ctx":"conn6","msg":"Connection ended","attr":{"remote":"127.0.0.1:57704","uuid":{"uuid":{"$uuid":"29f20a30-d483-4197-b51b-50c83bf6fa07"}},"connectionId":6,"connectionCount":0}}
{"t":{"$date":"2025-06-03T12:43:09.470+05:30"},"s":"I",  "c":"WTCHKPT",  "id":22430,   "ctx":"Checkpointer","msg":"WiredTiger message","attr":{"message":{"ts_sec":1748934789,"ts_usec":469489,"thread":"24592:140727424550432","session_name":"WT_SESSION.checkpoint","category":"WT_VERB_CHECKPOINT_PROGRESS","category_id":7,"verbose_level":"DEBUG_1","verbose_level_id":1,"msg":"saving checkpoint snapshot min: 5, snapshot max: 5 snapshot count: 0, oldest timestamp: (0, 0) , meta checkpoint timestamp: (0, 0) base write gen: 10"}}}
{"t":{"$date":"2025-06-03T12:43:30.235+05:30"},"s":"I",  "c":"NETWORK",  "id":22943,   "ctx":"listener","msg":"Connection accepted","attr":{"remote":"127.0.0.1:57975","uuid":{"uuid":{"$uuid":"29ccde49-77ce-46b2-8385-27a23f9dc344"}},"connectionId":10,"connectionCount":1}}
{"t":{"$date":"2025-06-03T12:43:30.239+05:30"},"s":"I",  "c":"NETWORK",  "id":51800,   "ctx":"conn10","msg":"client metadata","attr":{"remote":"127.0.0.1:57975","client":"conn10","negotiatedCompressors":[],"doc":{"driver":{"name":"nodejs|Mongoose","version":"6.16.0|8.15.0"},"platform":"Node.js v22.13.0, LE","os":{"name":"win32","architecture":"x64","version":"10.0.26100","type":"Windows_NT"}}}}
{"t":{"$date":"2025-06-03T12:43:30.254+05:30"},"s":"I",  "c":"NETWORK",  "id":22943,   "ctx":"listener","msg":"Connection accepted","attr":{"remote":"127.0.0.1:57978","uuid":{"uuid":{"$uuid":"571d1afa-5947-492e-8d84-4859f1fbacfd"}},"connectionId":11,"connectionCount":2}}
{"t":{"$date":"2025-06-03T12:43:30.254+05:30"},"s":"I",  "c":"NETWORK",  "id":22943,   "ctx":"listener","msg":"Connection accepted","attr":{"remote":"127.0.0.1:57979","uuid":{"uuid":{"$uuid":"39176df9-4be2-41dd-9c97-fadf68c3362b"}},"connectionId":12,"connectionCount":3}}
{"t":{"$date":"2025-06-03T12:43:30.255+05:30"},"s":"I",  "c":"NETWORK",  "id":51800,   "ctx":"conn11","msg":"client metadata","attr":{"remote":"127.0.0.1:57978","client":"conn11","negotiatedCompressors":[],"doc":{"driver":{"name":"nodejs|Mongoose","version":"6.16.0|8.15.0"},"platform":"Node.js v22.13.0, LE","os":{"name":"win32","architecture":"x64","version":"10.0.26100","type":"Windows_NT"}}}}
{"t":{"$date":"2025-06-03T12:43:30.256+05:30"},"s":"I",  "c":"NETWORK",  "id":51800,   "ctx":"conn12","msg":"client metadata","attr":{"remote":"127.0.0.1:57979","client":"conn12","negotiatedCompressors":[],"doc":{"driver":{"name":"nodejs|Mongoose","version":"6.16.0|8.15.0"},"platform":"Node.js v22.13.0, LE","os":{"name":"win32","architecture":"x64","version":"10.0.26100","type":"Windows_NT"}}}}
{"t":{"$date":"2025-06-03T12:43:30.258+05:30"},"s":"I",  "c":"NETWORK",  "id":6788700, "ctx":"conn11","msg":"Received first command on ingress connection since session start or auth handshake","attr":{"elapsedMillis":2}}
{"t":{"$date":"2025-06-03T12:43:30.261+05:30"},"s":"I",  "c":"NETWORK",  "id":6788700, "ctx":"conn12","msg":"Received first command on ingress connection since session start or auth handshake","attr":{"elapsedMillis":4}}
{"t":{"$date":"2025-06-03T12:43:40.758+05:30"},"s":"I",  "c":"NETWORK",  "id":22943,   "ctx":"listener","msg":"Connection accepted","attr":{"remote":"127.0.0.1:57982","uuid":{"uuid":{"$uuid":"606b8e9f-ce4e-4593-b637-087f5eadc6da"}},"connectionId":13,"connectionCount":4}}
{"t":{"$date":"2025-06-03T12:43:40.761+05:30"},"s":"I",  "c":"NETWORK",  "id":51800,   "ctx":"conn13","msg":"client metadata","attr":{"remote":"127.0.0.1:57982","client":"conn13","negotiatedCompressors":[],"doc":{"driver":{"name":"nodejs|Mongoose","version":"6.16.0|8.15.0"},"platform":"Node.js v22.13.0, LE","os":{"name":"win32","architecture":"x64","version":"10.0.26100","type":"Windows_NT"}}}}
{"t":{"$date":"2025-06-03T12:44:09.511+05:30"},"s":"I",  "c":"WTCHKPT",  "id":22430,   "ctx":"Checkpointer","msg":"WiredTiger message","attr":{"message":{"ts_sec":1748934849,"ts_usec":510728,"thread":"24592:140727424550432","session_name":"WT_SESSION.checkpoint","category":"WT_VERB_CHECKPOINT_PROGRESS","category_id":7,"verbose_level":"DEBUG_1","verbose_level_id":1,"msg":"saving checkpoint snapshot min: 6, snapshot max: 6 snapshot count: 0, oldest timestamp: (0, 0) , meta checkpoint timestamp: (0, 0) base write gen: 10"}}}
{"t":{"$date":"2025-06-03T12:45:09.546+05:30"},"s":"I",  "c":"WTCHKPT",  "id":22430,   "ctx":"Checkpointer","msg":"WiredTiger message","attr":{"message":{"ts_sec":1748934909,"ts_usec":545758,"thread":"24592:140727424550432","session_name":"WT_SESSION.checkpoint","category":"WT_VERB_CHECKPOINT_PROGRESS","category_id":7,"verbose_level":"DEBUG_1","verbose_level_id":1,"msg":"saving checkpoint snapshot min: 7, snapshot max: 7 snapshot count: 0, oldest timestamp: (0, 0) , meta checkpoint timestamp: (0, 0) base write gen: 10"}}}
{"t":{"$date":"2025-06-03T12:46:09.576+05:30"},"s":"I",  "c":"WTCHKPT",  "id":22430,   "ctx":"Checkpointer","msg":"WiredTiger message","attr":{"message":{"ts_sec":1748934969,"ts_usec":576323,"thread":"24592:140727424550432","session_name":"WT_SESSION.checkpoint","category":"WT_VERB_CHECKPOINT_PROGRESS","category_id":7,"verbose_level":"DEBUG_1","verbose_level_id":1,"msg":"saving checkpoint snapshot min: 8, snapshot max: 8 snapshot count: 0, oldest timestamp: (0, 0) , meta checkpoint timestamp: (0, 0) base write gen: 10"}}}
{"t":{"$date":"2025-06-03T12:46:09.921+05:30"},"s":"I",  "c":"CONTROL",  "id":23373,   "ctx":"thread39","msg":"CTRL_CLOSE_EVENT signal"}
{"t":{"$date":"2025-06-03T12:46:09.921+05:30"},"s":"I",  "c":"CONTROL",  "id":23371,   "ctx":"consoleTerminate","msg":"Received event, will terminate after current command ends","attr":{"controlCode":"CTRL_CLOSE_EVENT"}}
{"t":{"$date":"2025-06-03T12:46:09.921+05:30"},"s":"I",  "c":"REPL",     "id":4784900, "ctx":"consoleTerminate","msg":"Stepping down the ReplicationCoordinator for shutdown","attr":{"waitTimeMillis":15000}}
{"t":{"$date":"2025-06-03T12:46:09.921+05:30"},"s":"I",  "c":"REPL",     "id":4794602, "ctx":"consoleTerminate","msg":"Attempting to enter quiesce mode"}
{"t":{"$date":"2025-06-03T12:46:09.921+05:30"},"s":"I",  "c":"STORAGE",  "id":7333402, "ctx":"consoleTerminate","msg":"Shutting down the DiskSpaceMonitor"}
{"t":{"$date":"2025-06-03T12:46:09.921+05:30"},"s":"I",  "c":"-",        "id":6371601, "ctx":"consoleTerminate","msg":"Shutting down the FLE Crud thread pool"}
{"t":{"$date":"2025-06-03T12:46:09.921+05:30"},"s":"I",  "c":"COMMAND",  "id":4784901, "ctx":"consoleTerminate","msg":"Shutting down the MirrorMaestro"}
{"t":{"$date":"2025-06-03T12:46:09.921+05:30"},"s":"I",  "c":"SHARDING", "id":4784902, "ctx":"consoleTerminate","msg":"Shutting down the WaitForMajorityService"}
{"t":{"$date":"2025-06-03T12:46:09.944+05:30"},"s":"I",  "c":"CONTROL",  "id":4784903, "ctx":"consoleTerminate","msg":"Shutting down the LogicalSessionCache"}
{"t":{"$date":"2025-06-03T12:46:09.944+05:30"},"s":"I",  "c":"NETWORK",  "id":8314100, "ctx":"consoleTerminate","msg":"Shutdown: Closing listener sockets"}
{"t":{"$date":"2025-06-03T12:46:09.945+05:30"},"s":"I",  "c":"NETWORK",  "id":4784905, "ctx":"consoleTerminate","msg":"Shutting down the global connection pool"}
{"t":{"$date":"2025-06-03T12:46:09.945+05:30"},"s":"I",  "c":"CONTROL",  "id":4784906, "ctx":"consoleTerminate","msg":"Shutting down the FlowControlTicketholder"}
{"t":{"$date":"2025-06-03T12:46:09.945+05:30"},"s":"I",  "c":"-",        "id":20520,   "ctx":"consoleTerminate","msg":"Stopping further Flow Control ticket acquisitions."}
{"t":{"$date":"2025-06-03T12:46:09.945+05:30"},"s":"I",  "c":"CONTROL",  "id":4784908, "ctx":"consoleTerminate","msg":"Shutting down the PeriodicThreadToAbortExpiredTransactions"}
{"t":{"$date":"2025-06-03T12:46:09.945+05:30"},"s":"I",  "c":"REPL",     "id":4784909, "ctx":"consoleTerminate","msg":"Shutting down the ReplicationCoordinator"}
{"t":{"$date":"2025-06-03T12:46:09.945+05:30"},"s":"I",  "c":"SHARDING", "id":4784910, "ctx":"consoleTerminate","msg":"Shutting down the ShardingInitializationMongoD"}
{"t":{"$date":"2025-06-03T12:46:09.945+05:30"},"s":"I",  "c":"REPL",     "id":4784911, "ctx":"consoleTerminate","msg":"Enqueuing the ReplicationStateTransitionLock for shutdown"}
{"t":{"$date":"2025-06-03T12:46:09.945+05:30"},"s":"I",  "c":"-",        "id":4784912, "ctx":"consoleTerminate","msg":"Killing all operations for shutdown"}
{"t":{"$date":"2025-06-03T12:46:09.945+05:30"},"s":"I",  "c":"-",        "id":4695300, "ctx":"consoleTerminate","msg":"Interrupted all currently running operations","attr":{"opsKilled":4}}
{"t":{"$date":"2025-06-03T12:46:09.945+05:30"},"s":"I",  "c":"TENANT_M", "id":5093807, "ctx":"consoleTerminate","msg":"Shutting down all TenantMigrationAccessBlockers on global shutdown"}
{"t":{"$date":"2025-06-03T12:46:09.945+05:30"},"s":"I",  "c":"NETWORK",  "id":22944,   "ctx":"conn11","msg":"Connection ended","attr":{"remote":"127.0.0.1:57978","uuid":{"uuid":{"$uuid":"571d1afa-5947-492e-8d84-4859f1fbacfd"}},"connectionId":11,"connectionCount":3}}
{"t":{"$date":"2025-06-03T12:46:09.945+05:30"},"s":"I",  "c":"EXECUTOR", "id":22989,   "ctx":"conn10","msg":"Error sending response to client. Ending connection from remote","attr":{"error":{"code":6,"codeName":"HostUnreachable","errmsg":"futurize :: caused by :: Connection reset by peer"},"remote":"127.0.0.1:57975","connectionId":10}}
{"t":{"$date":"2025-06-03T12:46:09.945+05:30"},"s":"I",  "c":"NETWORK",  "id":22944,   "ctx":"conn10","msg":"Connection ended","attr":{"remote":"127.0.0.1:57975","uuid":{"uuid":{"$uuid":"29ccde49-77ce-46b2-8385-27a23f9dc344"}},"connectionId":10,"connectionCount":2}}
{"t":{"$date":"2025-06-03T12:46:09.946+05:30"},"s":"I",  "c":"NETWORK",  "id":22944,   "ctx":"conn12","msg":"Connection ended","attr":{"remote":"127.0.0.1:57979","uuid":{"uuid":{"$uuid":"39176df9-4be2-41dd-9c97-fadf68c3362b"}},"connectionId":12,"connectionCount":1}}
{"t":{"$date":"2025-06-03T12:46:09.946+05:30"},"s":"I",  "c":"NETWORK",  "id":22944,   "ctx":"conn13","msg":"Connection ended","attr":{"remote":"127.0.0.1:57982","uuid":{"uuid":{"$uuid":"606b8e9f-ce4e-4593-b637-087f5eadc6da"}},"connectionId":13,"connectionCount":0}}
{"t":{"$date":"2025-06-03T12:46:09.949+05:30"},"s":"I",  "c":"ASIO",     "id":22582,   "ctx":"TenantMigrationBlockerNet","msg":"Killing all outstanding egress activity."}
{"t":{"$date":"2025-06-03T12:46:09.949+05:30"},"s":"I",  "c":"ASIO",     "id":6529201, "ctx":"consoleTerminate","msg":"Network interface redundant shutdown","attr":{"state":"Stopped"}}
{"t":{"$date":"2025-06-03T12:46:09.949+05:30"},"s":"I",  "c":"ASIO",     "id":22582,   "ctx":"consoleTerminate","msg":"Killing all outstanding egress activity."}
{"t":{"$date":"2025-06-03T12:46:09.949+05:30"},"s":"I",  "c":"COMMAND",  "id":4784913, "ctx":"consoleTerminate","msg":"Shutting down all open transactions"}
{"t":{"$date":"2025-06-03T12:46:09.949+05:30"},"s":"I",  "c":"REPL",     "id":4784914, "ctx":"consoleTerminate","msg":"Acquiring the ReplicationStateTransitionLock for shutdown"}
{"t":{"$date":"2025-06-03T12:46:09.949+05:30"},"s":"I",  "c":"INDEX",    "id":4784915, "ctx":"consoleTerminate","msg":"Shutting down the IndexBuildsCoordinator"}
{"t":{"$date":"2025-06-03T12:46:09.949+05:30"},"s":"I",  "c":"NETWORK",  "id":4784918, "ctx":"consoleTerminate","msg":"Shutting down the ReplicaSetMonitor"}
{"t":{"$date":"2025-06-03T12:46:09.949+05:30"},"s":"I",  "c":"SHARDING", "id":4784921, "ctx":"consoleTerminate","msg":"Shutting down the MigrationUtilExecutor"}
{"t":{"$date":"2025-06-03T12:46:09.955+05:30"},"s":"I",  "c":"ASIO",     "id":22582,   "ctx":"MigrationUtil-TaskExecutor","msg":"Killing all outstanding egress activity."}
{"t":{"$date":"2025-06-03T12:46:09.956+05:30"},"s":"I",  "c":"NETWORK",  "id":20562,   "ctx":"consoleTerminate","msg":"Shutdown: Closing open transport sessions"}
{"t":{"$date":"2025-06-03T12:46:09.956+05:30"},"s":"I",  "c":"NETWORK",  "id":4784923, "ctx":"consoleTerminate","msg":"Shutting down the ASIO transport SessionManager"}
{"t":{"$date":"2025-06-03T12:46:09.956+05:30"},"s":"I",  "c":"CONTROL",  "id":4784927, "ctx":"consoleTerminate","msg":"Shutting down the HealthLog"}
{"t":{"$date":"2025-06-03T12:46:09.956+05:30"},"s":"I",  "c":"CONTROL",  "id":4784928, "ctx":"consoleTerminate","msg":"Shutting down the TTL monitor"}
{"t":{"$date":"2025-06-03T12:46:09.956+05:30"},"s":"I",  "c":"INDEX",    "id":3684100, "ctx":"consoleTerminate","msg":"Shutting down TTL collection monitor thread"}
{"t":{"$date":"2025-06-03T12:46:09.956+05:30"},"s":"I",  "c":"INDEX",    "id":3684101, "ctx":"consoleTerminate","msg":"Finished shutting down TTL collection monitor thread"}
{"t":{"$date":"2025-06-03T12:46:09.956+05:30"},"s":"I",  "c":"CONTROL",  "id":6278511, "ctx":"consoleTerminate","msg":"Shutting down the Change Stream Expired Pre-images Remover"}
{"t":{"$date":"2025-06-03T12:46:09.956+05:30"},"s":"I",  "c":"CONTROL",  "id":4784929, "ctx":"consoleTerminate","msg":"Acquiring the global lock for shutdown"}
{"t":{"$date":"2025-06-03T12:46:09.956+05:30"},"s":"I",  "c":"CONTROL",  "id":4784930, "ctx":"consoleTerminate","msg":"Shutting down the storage engine"}
{"t":{"$date":"2025-06-03T12:46:09.956+05:30"},"s":"I",  "c":"STORAGE",  "id":22320,   "ctx":"consoleTerminate","msg":"Shutting down journal flusher thread"}
{"t":{"$date":"2025-06-03T12:46:09.956+05:30"},"s":"I",  "c":"STORAGE",  "id":22321,   "ctx":"consoleTerminate","msg":"Finished shutting down journal flusher thread"}
{"t":{"$date":"2025-06-03T12:46:09.956+05:30"},"s":"I",  "c":"STORAGE",  "id":22322,   "ctx":"consoleTerminate","msg":"Shutting down checkpoint thread"}
{"t":{"$date":"2025-06-03T12:46:09.956+05:30"},"s":"I",  "c":"STORAGE",  "id":22323,   "ctx":"consoleTerminate","msg":"Finished shutting down checkpoint thread"}
{"t":{"$date":"2025-06-03T12:46:09.956+05:30"},"s":"I",  "c":"STORAGE",  "id":22261,   "ctx":"consoleTerminate","msg":"Timestamp monitor shutting down"}
{"t":{"$date":"2025-06-03T12:46:09.957+05:30"},"s":"I",  "c":"STORAGE",  "id":20282,   "ctx":"consoleTerminate","msg":"Deregistering all the collections"}
{"t":{"$date":"2025-06-03T12:46:09.957+05:30"},"s":"I",  "c":"STORAGE",  "id":22317,   "ctx":"consoleTerminate","msg":"WiredTigerKVEngine shutting down"}
{"t":{"$date":"2025-06-03T12:46:09.957+05:30"},"s":"I",  "c":"STORAGE",  "id":22318,   "ctx":"consoleTerminate","msg":"Shutting down session sweeper thread"}
{"t":{"$date":"2025-06-03T12:46:09.957+05:30"},"s":"I",  "c":"STORAGE",  "id":22319,   "ctx":"consoleTerminate","msg":"Finished shutting down session sweeper thread"}
{"t":{"$date":"2025-06-03T12:46:09.961+05:30"},"s":"I",  "c":"STORAGE",  "id":4795902, "ctx":"consoleTerminate","msg":"Closing WiredTiger","attr":{"closeConfig":"leak_memory=true,use_timestamp=false,"}}
{"t":{"$date":"2025-06-03T12:46:09.963+05:30"},"s":"I",  "c":"WTCHKPT",  "id":22430,   "ctx":"consoleTerminate","msg":"WiredTiger message","attr":{"message":{"ts_sec":1748934969,"ts_usec":963110,"thread":"24592:140727424550432","session_name":"close_ckpt","category":"WT_VERB_CHECKPOINT_PROGRESS","category_id":7,"verbose_level":"DEBUG_1","verbose_level_id":1,"msg":"saving checkpoint snapshot min: 15, snapshot max: 15 snapshot count: 0, oldest timestamp: (0, 0) , meta checkpoint timestamp: (0, 0) base write gen: 10"}}}
{"t":{"$date":"2025-06-03T12:46:09.993+05:30"},"s":"I",  "c":"WTRECOV",  "id":22430,   "ctx":"consoleTerminate","msg":"WiredTiger message","attr":{"message":{"ts_sec":1748934969,"ts_usec":993429,"thread":"24592:140727424550432","session_name":"WT_CONNECTION.close","category":"WT_VERB_RECOVERY_PROGRESS","category_id":34,"verbose_level":"DEBUG_1","verbose_level_id":1,"msg":"shutdown checkpoint has successfully finished and ran for 31 milliseconds"}}}
{"t":{"$date":"2025-06-03T12:46:09.994+05:30"},"s":"I",  "c":"WTRECOV",  "id":22430,   "ctx":"consoleTerminate","msg":"WiredTiger message","attr":{"message":{"ts_sec":1748934969,"ts_usec":993429,"thread":"24592:140727424550432","session_name":"WT_CONNECTION.close","category":"WT_VERB_RECOVERY_PROGRESS","category_id":34,"verbose_level":"DEBUG_1","verbose_level_id":1,"msg":"shutdown was completed successfully and took 32ms, including 0ms for the rollback to stable, and 31ms for the checkpoint."}}}
{"t":{"$date":"2025-06-03T12:46:10.033+05:30"},"s":"I",  "c":"STORAGE",  "id":4795901, "ctx":"consoleTerminate","msg":"WiredTiger closed","attr":{"durationMillis":72}}
{"t":{"$date":"2025-06-03T12:46:10.033+05:30"},"s":"I",  "c":"STORAGE",  "id":22281,   "ctx":"consoleTerminate","msg":"shutdown: removing fs lock..."}
{"t":{"$date":"2025-06-03T12:46:10.033+05:30"},"s":"I",  "c":"-",        "id":4784931, "ctx":"consoleTerminate","msg":"Dropping the scope cache for shutdown"}
{"t":{"$date":"2025-06-03T12:46:10.033+05:30"},"s":"I",  "c":"FTDC",     "id":20626,   "ctx":"consoleTerminate","msg":"Shutting down full-time diagnostic data capture"}
{"t":{"$date":"2025-06-03T12:46:11.004+05:30"},"s":"I",  "c":"CONTROL",  "id":20565,   "ctx":"consoleTerminate","msg":"Now exiting"}
{"t":{"$date":"2025-06-03T12:46:11.004+05:30"},"s":"I",  "c":"CONTROL",  "id":8423404, "ctx":"consoleTerminate","msg":"mongod shutdown complete","attr":{"Summary of time elapsed":{"Statistics":{"Enter terminal shutdown":"0 ms","Step down the replication coordinator for shutdown":"0 ms","Time spent in quiesce mode":"0 ms","Shut down FLE Crud subsystem":"0 ms","Shut down MirrorMaestro":"0 ms","Shut down WaitForMajorityService":"23 ms","Shut down the logical session cache":"0 ms","Shut down the global connection pool":"1 ms","Shut down the flow control ticket holder":"0 ms","Shut down the thread that aborts expired transactions":"0 ms","Kill all operations for shutdown":"0 ms","Shut down all tenant migration access blockers on global shutdown":"4 ms","Shut down all open transactions":"0 ms","Acquire the RSTL for shutdown":"0 ms","Shut down the IndexBuildsCoordinator and wait for index builds to finish":"0 ms","Shut down the replica set monitor":"0 ms","Shut down the migration util executor":"6 ms","Shut down the transport layer":"1 ms","Shut down the health log":"0 ms","Shut down the TTL monitor":"0 ms","Shut down expired pre-images and documents removers":"0 ms","Shut down the storage engine":"77 ms","Wait for the oplog cap maintainer thread to stop":"0 ms","Shut down full-time data capture":"971 ms","Shut down online certificate status protocol manager":"0 ms","shutdownTask total elapsed time":"1083 ms"}}}}
{"t":{"$date":"2025-06-03T12:46:11.004+05:30"},"s":"I",  "c":"CONTROL",  "id":23138,   "ctx":"consoleTerminate","msg":"Shutting down","attr":{"exitCode":12}}
